<?xml version="1.0" encoding="UTF-8"?>
<testsuite name="AccountServiceTest" tests="1" skipped="0" failures="1" errors="0" timestamp="2023-10-18T08:45:42" hostname="WIN-PK97IO7J39D" time="83.614">
  <properties/>
  <testcase name="start" classname="AccountServiceTest" time="83.614">
    <failure message="java.lang.AssertionError: Wrong answer in test #34&#10;&#10;DELETE /api/admin/user/ should respond with status code 403, responded: 405&#10;Api must be available only to admin user&#10;Response body:&#10;{&quot;timestamp&quot;:&quot;2023-10-18T08:47:05.594+00:00&quot;,&quot;status&quot;:405,&quot;error&quot;:&quot;Method Not Allowed&quot;,&quot;message&quot;:&quot;Request method 'DELETE' not supported&quot;,&quot;path&quot;:&quot;/api/admin/user/&quot;}" type="java.lang.AssertionError">java.lang.AssertionError: Wrong answer in test #34

DELETE /api/admin/user/ should respond with status code 403, responded: 405
Api must be available only to admin user
Response body:
{&quot;timestamp&quot;:&quot;2023-10-18T08:47:05.594+00:00&quot;,&quot;status&quot;:405,&quot;error&quot;:&quot;Method Not Allowed&quot;,&quot;message&quot;:&quot;Request method 'DELETE' not supported&quot;,&quot;path&quot;:&quot;/api/admin/user/&quot;}
	at org.junit.Assert.fail(Assert.java:89)
	at org.hyperskill.hstest.stage.StageTest.start(StageTest.java:203)
	at java.base/jdk.internal.reflect.NativeMethodAccessorImpl.invoke0(Native Method)
	at java.base/jdk.internal.reflect.NativeMethodAccessorImpl.invoke(NativeMethodAccessorImpl.java:77)
	at java.base/jdk.internal.reflect.DelegatingMethodAccessorImpl.invoke(DelegatingMethodAccessorImpl.java:43)
	at java.base/java.lang.reflect.Method.invoke(Method.java:568)
	at org.junit.runners.model.FrameworkMethod$1.runReflectiveCall(FrameworkMethod.java:59)
	at org.junit.internal.runners.model.ReflectiveCallable.run(ReflectiveCallable.java:12)
	at org.junit.runners.model.FrameworkMethod.invokeExplosively(FrameworkMethod.java:56)
	at org.junit.internal.runners.statements.InvokeMethod.evaluate(InvokeMethod.java:17)
	at org.junit.internal.runners.statements.RunAfters.evaluate(RunAfters.java:27)
	at org.junit.runners.ParentRunner$3.evaluate(ParentRunner.java:306)
	at org.junit.runners.BlockJUnit4ClassRunner$1.evaluate(BlockJUnit4ClassRunner.java:100)
	at org.junit.runners.ParentRunner.runLeaf(ParentRunner.java:366)
	at org.junit.runners.BlockJUnit4ClassRunner.runChild(BlockJUnit4ClassRunner.java:103)
	at org.junit.runners.BlockJUnit4ClassRunner.runChild(BlockJUnit4ClassRunner.java:63)
	at org.junit.runners.ParentRunner$4.run(ParentRunner.java:331)
	at org.junit.runners.ParentRunner$1.schedule(ParentRunner.java:79)
	at org.junit.runners.ParentRunner.runChildren(ParentRunner.java:329)
	at org.junit.runners.ParentRunner.access$100(ParentRunner.java:66)
	at org.junit.runners.ParentRunner$2.evaluate(ParentRunner.java:293)
	at org.junit.runners.ParentRunner$3.evaluate(ParentRunner.java:306)
	at org.junit.runners.ParentRunner.run(ParentRunner.java:413)
	at org.gradle.api.internal.tasks.testing.junit.JUnitTestClassExecutor.runTestClass(JUnitTestClassExecutor.java:110)
	at org.gradle.api.internal.tasks.testing.junit.JUnitTestClassExecutor.execute(JUnitTestClassExecutor.java:58)
	at org.gradle.api.internal.tasks.testing.junit.JUnitTestClassExecutor.execute(JUnitTestClassExecutor.java:38)
	at org.gradle.api.internal.tasks.testing.junit.AbstractJUnitTestClassProcessor.processTestClass(AbstractJUnitTestClassProcessor.java:62)
	at org.gradle.api.internal.tasks.testing.SuiteTestClassProcessor.processTestClass(SuiteTestClassProcessor.java:51)
	at java.base/jdk.internal.reflect.NativeMethodAccessorImpl.invoke0(Native Method)
	at java.base/jdk.internal.reflect.NativeMethodAccessorImpl.invoke(NativeMethodAccessorImpl.java:77)
	at java.base/jdk.internal.reflect.DelegatingMethodAccessorImpl.invoke(DelegatingMethodAccessorImpl.java:43)
	at java.base/java.lang.reflect.Method.invoke(Method.java:568)
	at org.gradle.internal.dispatch.ReflectionDispatch.dispatch(ReflectionDispatch.java:36)
	at org.gradle.internal.dispatch.ReflectionDispatch.dispatch(ReflectionDispatch.java:24)
	at org.gradle.internal.dispatch.ContextClassLoaderDispatch.dispatch(ContextClassLoaderDispatch.java:33)
	at org.gradle.internal.dispatch.ProxyDispatchAdapter$DispatchingInvocationHandler.invoke(ProxyDispatchAdapter.java:94)
	at jdk.proxy1/jdk.proxy1.$Proxy2.processTestClass(Unknown Source)
	at org.gradle.api.internal.tasks.testing.worker.TestWorker$2.run(TestWorker.java:176)
	at org.gradle.api.internal.tasks.testing.worker.TestWorker.executeAndMaintainThreadName(TestWorker.java:129)
	at org.gradle.api.internal.tasks.testing.worker.TestWorker.execute(TestWorker.java:100)
	at org.gradle.api.internal.tasks.testing.worker.TestWorker.execute(TestWorker.java:60)
	at org.gradle.process.internal.worker.child.ActionExecutionWorker.execute(ActionExecutionWorker.java:56)
	at org.gradle.process.internal.worker.child.SystemApplicationClassLoaderWorker.call(SystemApplicationClassLoaderWorker.java:133)
	at org.gradle.process.internal.worker.child.SystemApplicationClassLoaderWorker.call(SystemApplicationClassLoaderWorker.java:71)
	at worker.org.gradle.process.internal.worker.GradleWorkerMain.run(GradleWorkerMain.java:69)
	at worker.org.gradle.process.internal.worker.GradleWorkerMain.main(GradleWorkerMain.java:74)
</failure>
  </testcase>
  <system-out><![CDATA[?[1;31m
Start test 1?[0m
?[0;34mHmm
?[0m?[0;34m
?[0m?[0;34m  .   ____          _            __ _ _
?[0m?[0;34m /\\ / ___'_ __ _ _(_)_ __  __ _ \ \ \ \
?[0m?[0;34m( ( )\___ | '_ | '_| | '_ \/ _` | \ \ \ \
?[0m?[0;34m \\/  ___)| |_)| | | | | || (_| |  ) ) ) )
?[0m?[0;34m  '  |____| .__|_| |_|_| |_\__, | / / / /
?[0m?[0;34m =========|_|==============|___/=/_/_/_/
?[0m?[0;34m :: Spring Boot ::                (v2.5.6)
?[0m?[0;34m
?[0m?[0;34m2023-10-18 13:45:45.765  INFO 11668 --- [    Test worker] account.AccountServiceApplicationKt      : Starting AccountServiceApplicationKt using Java 17.0.5 on WIN-PK97IO7J39D with PID 11668 (started by User in D:\JetBrainsWork\Account Service (Kotlin)\Account Service (Kotlin)\task)
?[0m?[0;34m2023-10-18 13:45:45.877  INFO 11668 --- [    Test worker] account.AccountServiceApplicationKt      : No active profile set, falling back to default profiles: default
?[0m?[0;34m2023-10-18 13:45:51.065  INFO 11668 --- [    Test worker] .s.d.r.c.RepositoryConfigurationDelegate : Bootstrapping Spring Data JPA repositories in DEFAULT mode.
?[0m?[0;34m2023-10-18 13:45:51.267  INFO 11668 --- [    Test worker] .s.d.r.c.RepositoryConfigurationDelegate : Finished Spring Data repository scanning in 169 ms. Found 2 JPA repository interfaces.
?[0m?[0;34m2023-10-18 13:45:53.628  INFO 11668 --- [    Test worker] o.s.b.w.embedded.tomcat.TomcatWebServer  : Tomcat initialized with port(s): 28852 (http)
?[0m?[0;34m2023-10-18 13:45:53.733  INFO 11668 --- [    Test worker] o.apache.catalina.core.StandardService   : Starting service [Tomcat]
?[0m?[0;34m2023-10-18 13:45:53.737  INFO 11668 --- [    Test worker] org.apache.catalina.core.StandardEngine  : Starting Servlet engine: [Apache Tomcat/9.0.54]
?[0m?[0;34m2023-10-18 13:45:54.478  INFO 11668 --- [    Test worker] o.a.c.c.C.[Tomcat].[localhost].[/]       : Initializing Spring embedded WebApplicationContext
?[0m?[0;34m2023-10-18 13:45:54.478  INFO 11668 --- [    Test worker] w.s.c.ServletWebServerApplicationContext : Root WebApplicationContext: initialization completed in 8102 ms
?[0m?[0;34m2023-10-18 13:45:55.356  INFO 11668 --- [    Test worker] o.hibernate.jpa.internal.util.LogHelper  : HHH000204: Processing PersistenceUnitInfo [name: default]
?[0m?[0;34m2023-10-18 13:45:55.541  INFO 11668 --- [    Test worker] org.hibernate.Version                    : HHH000412: Hibernate ORM core version 5.4.32.Final
?[0m?[0;34m2023-10-18 13:45:56.112  INFO 11668 --- [    Test worker] o.hibernate.annotations.common.Version   : HCANN000001: Hibernate Commons Annotations {5.1.2.Final}
?[0m?[0;34m2023-10-18 13:45:56.448  INFO 11668 --- [    Test worker] com.zaxxer.hikari.HikariDataSource       : HikariPool-1 - Starting...
?[0m?[0;34m2023-10-18 13:45:56.868  INFO 11668 --- [    Test worker] com.zaxxer.hikari.HikariDataSource       : HikariPool-1 - Start completed.
?[0m?[0;34m2023-10-18 13:45:56.950  INFO 11668 --- [    Test worker] org.hibernate.dialect.Dialect            : HHH000400: Using dialect: org.hibernate.dialect.H2Dialect
?[0m?[0;34mHibernate: create table app_user (id bigint not null, email varchar(255), lastname varchar(255), name varchar(255), password varchar(255), primary key (id))
?[0m?[0;34mHibernate: create table app_user_roles (app_user_id bigint not null, roles varchar(255))
?[0m?[0;34mHibernate: create table payment (id bigint not null, employee varchar(255), period binary(255), salary bigint, primary key (id))
?[0m?[0;34mHibernate: alter table payment drop constraint if exists UKibcit9634j1r75yaouml3lo2p
?[0m?[0;34mHibernate: alter table payment add constraint UKibcit9634j1r75yaouml3lo2p unique (employee, period)
?[0m?[0;34mHibernate: create sequence hibernate_sequence start with 1 increment by 1
?[0m?[0;34mHibernate: alter table app_user_roles add constraint FKkwxexnudtp5gmt82j0qtytnoe foreign key (app_user_id) references app_user
?[0m?[0;34m2023-10-18 13:45:58.215  INFO 11668 --- [    Test worker] o.h.e.t.j.p.i.JtaPlatformInitiator       : HHH000490: Using JtaPlatform implementation: [org.hibernate.engine.transaction.jta.platform.internal.NoJtaPlatform]
?[0m?[0;34m2023-10-18 13:45:58.230  INFO 11668 --- [    Test worker] j.LocalContainerEntityManagerFactoryBean : Initialized JPA EntityManagerFactory for persistence unit 'default'
?[0m?[0;34m2023-10-18 13:46:00.213  WARN 11668 --- [    Test worker] JpaBaseConfiguration$JpaWebConfiguration : spring.jpa.open-in-view is enabled by default. Therefore, database queries may be performed during view rendering. Explicitly configure spring.jpa.open-in-view to disable this warning
?[0m?[0;34m2023-10-18 13:46:00.414 DEBUG 11668 --- [    Test worker] s.w.s.m.m.a.RequestMappingHandlerMapping : 9 mappings in 'requestMappingHandlerMapping'
?[0m?[0;34m2023-10-18 13:46:00.657 DEBUG 11668 --- [    Test worker] o.s.w.s.handler.SimpleUrlHandlerMapping  : Patterns [/webjars/**, /**] in 'resourceHandlerMapping'
?[0m?[0;34m2023-10-18 13:46:01.029  INFO 11668 --- [    Test worker] o.s.b.a.e.web.EndpointLinksResolver      : Exposing 14 endpoint(s) beneath base path '/actuator'
?[0m?[0;34m2023-10-18 13:46:01.160  INFO 11668 --- [    Test worker] o.s.s.web.DefaultSecurityFilterChain     : Will secure any request with [org.springframework.security.web.context.request.async.WebAsyncManagerIntegrationFilter@7569bc9f, org.springframework.security.web.context.SecurityContextPersistenceFilter@34714012, org.springframework.security.web.header.HeaderWriterFilter@75c0e6be, org.springframework.security.web.authentication.logout.LogoutFilter@21f7c0be, org.springframework.security.web.authentication.www.BasicAuthenticationFilter@331eb953, org.springframework.security.web.savedrequest.RequestCacheAwareFilter@11eb8842, org.springframework.security.web.servletapi.SecurityContextHolderAwareRequestFilter@73624529, org.springframework.security.web.authentication.AnonymousAuthenticationFilter@62b8dd6a, org.springframework.security.web.session.SessionManagementFilter@60f70c9e, org.springframework.security.web.access.ExceptionTranslationFilter@20bc3e7f, org.springframework.security.web.access.intercept.AuthorizationFilter@172ca6a]
?[0m?[0;34m2023-10-18 13:46:01.397 DEBUG 11668 --- [    Test worker] s.w.s.m.m.a.RequestMappingHandlerAdapter : ControllerAdvice beans: 0 @ModelAttribute, 0 @InitBinder, 1 RequestBodyAdvice, 1 ResponseBodyAdvice
?[0m?[0;34m2023-10-18 13:46:01.496 DEBUG 11668 --- [    Test worker] .m.m.a.ExceptionHandlerExceptionResolver : ControllerAdvice beans: 0 @ExceptionHandler, 1 ResponseBodyAdvice
?[0m?[0;34m2023-10-18 13:46:02.103  INFO 11668 --- [    Test worker] o.s.b.w.embedded.tomcat.TomcatWebServer  : Tomcat started on port(s): 28852 (http) with context path ''
?[0m?[0;34m2023-10-18 13:46:02.142  INFO 11668 --- [    Test worker] account.AccountServiceApplicationKt      : Started AccountServiceApplicationKt in 18.265 seconds (JVM running for 21.414)
?[0;34m2023-10-18 13:46:03.333  INFO 11668 --- [io-28852-exec-1] o.a.c.c.C.[Tomcat].[localhost].[/]       : Initializing Spring DispatcherServlet 'dispatcherServlet'
?[0m?[0;34m2023-10-18 13:46:03.333  INFO 11668 --- [io-28852-exec-1] o.s.web.servlet.DispatcherServlet        : Initializing Servlet 'dispatcherServlet'
?[0m?[0;34m2023-10-18 13:46:03.333 DEBUG 11668 --- [io-28852-exec-1] o.s.web.servlet.DispatcherServlet        : Detected StandardServletMultipartResolver
?[0m?[0;34m2023-10-18 13:46:03.334 DEBUG 11668 --- [io-28852-exec-1] o.s.web.servlet.DispatcherServlet        : Detected AcceptHeaderLocaleResolver
?[0m?[0;34m2023-10-18 13:46:03.337 DEBUG 11668 --- [io-28852-exec-1] o.s.web.servlet.DispatcherServlet        : Detected FixedThemeResolver
?[0m?[0;34m2023-10-18 13:46:03.339 DEBUG 11668 --- [io-28852-exec-1] o.s.web.servlet.DispatcherServlet        : Detected org.springframework.web.servlet.view.DefaultRequestToViewNameTranslator@7ca0aa55
?[0m?[0;34m2023-10-18 13:46:03.340 DEBUG 11668 --- [io-28852-exec-1] o.s.web.servlet.DispatcherServlet        : Detected org.springframework.web.servlet.support.SessionFlashMapManager@2b8a11d7
?[0m?[0;34m2023-10-18 13:46:03.341 DEBUG 11668 --- [io-28852-exec-1] o.s.web.servlet.DispatcherServlet        : enableLoggingRequestDetails='false': request parameters and headers will be masked to prevent unsafe logging of potentially sensitive data
?[0m?[0;34m2023-10-18 13:46:03.341  INFO 11668 --- [io-28852-exec-1] o.s.web.servlet.DispatcherServlet        : Completed initialization in 8 ms
?[0m?[0;34m2023-10-18 13:46:03.425 DEBUG 11668 --- [io-28852-exec-1] s.w.s.m.m.a.RequestMappingHandlerMapping : Mapped to account.presentation.DemoController#register(SignUpRequest)
?[0m?[0;34m2023-10-18 13:46:03.428 DEBUG 11668 --- [io-28852-exec-1] s.w.s.m.m.a.RequestMappingHandlerMapping : Mapped to account.presentation.DemoController#register(SignUpRequest)
?[0m?[0;34m2023-10-18 13:46:03.438 DEBUG 11668 --- [io-28852-exec-1] o.s.web.servlet.DispatcherServlet        : POST "/api/auth/signup", parameters={}
?[0m?[0;34m2023-10-18 13:46:03.444 DEBUG 11668 --- [io-28852-exec-1] s.w.s.m.m.a.RequestMappingHandlerMapping : Mapped to account.presentation.DemoController#register(SignUpRequest)
?[0m?[0;34m2023-10-18 13:46:03.696 DEBUG 11668 --- [io-28852-exec-1] m.m.a.RequestResponseBodyMethodProcessor : Read "application/json;charset=UTF-8" to [SignUpRequest(name=, lastname=Doe, email=JohnDoe@acme.com, password=oMoa3VvqnLxW, roles=null)]
?[0m?[0;34msignUpRequest = SignUpRequest(name=, lastname=Doe, email=JohnDoe@acme.com, password=oMoa3VvqnLxW, roles=null)
?[0m?[0;34min else, request = SignUpRequest(name=, lastname=Doe, email=JohnDoe@acme.com, password=oMoa3VvqnLxW, roles=null)
?[0m?[0;34m2023-10-18 13:46:03.790 DEBUG 11668 --- [io-28852-exec-1] o.s.w.s.m.m.a.HttpEntityMethodProcessor  : Using 'application/json', given [*/*] and supported [application/json, application/*+json, application/json, application/*+json]
?[0m?[0;34m2023-10-18 13:46:03.791 DEBUG 11668 --- [io-28852-exec-1] o.s.w.s.m.m.a.HttpEntityMethodProcessor  : Nothing to write: null body
?[0m?[0;34m2023-10-18 13:46:03.794 DEBUG 11668 --- [io-28852-exec-1] o.s.web.servlet.DispatcherServlet        : Completed 400 BAD_REQUEST
?[0m?[1;31m
Start test 2?[0m
?[0;34m2023-10-18 13:46:03.834 DEBUG 11668 --- [io-28852-exec-2] s.w.s.m.m.a.RequestMappingHandlerMapping : Mapped to account.presentation.DemoController#register(SignUpRequest)
?[0m?[0;34m2023-10-18 13:46:03.844 DEBUG 11668 --- [io-28852-exec-2] s.w.s.m.m.a.RequestMappingHandlerMapping : Mapped to account.presentation.DemoController#register(SignUpRequest)
?[0m?[0;34m2023-10-18 13:46:03.845 DEBUG 11668 --- [io-28852-exec-2] o.s.web.servlet.DispatcherServlet        : POST "/api/auth/signup", parameters={}
?[0m?[0;34m2023-10-18 13:46:03.849 DEBUG 11668 --- [io-28852-exec-2] s.w.s.m.m.a.RequestMappingHandlerMapping : Mapped to account.presentation.DemoController#register(SignUpRequest)
?[0m?[0;34m2023-10-18 13:46:03.859 DEBUG 11668 --- [io-28852-exec-2] o.s.web.method.HandlerMethod             : Could not resolve parameter [0] in public final org.springframework.http.ResponseEntity<account.presentation.SignUpResponse> account.presentation.DemoController.register(account.presentation.SignUpRequest): JSON parse error: Cannot construct instance of `account.presentation.SignUpRequest`, problem: Parameter specified as non-null is null: method account.presentation.SignUpRequest.<init>, parameter name; nested exception is com.fasterxml.jackson.databind.exc.ValueInstantiationException: Cannot construct instance of `account.presentation.SignUpRequest`, problem: Parameter specified as non-null is null: method account.presentation.SignUpRequest.<init>, parameter name
?[0m?[0;34m at [Source: (PushbackInputStream); line: 1, column: 71]
?[0m?[0;34m2023-10-18 13:46:03.866  WARN 11668 --- [io-28852-exec-2] .w.s.m.s.DefaultHandlerExceptionResolver : Resolved [org.springframework.http.converter.HttpMessageNotReadableException: JSON parse error: Cannot construct instance of `account.presentation.SignUpRequest`, problem: Parameter specified as non-null is null: method account.presentation.SignUpRequest.<init>, parameter name; nested exception is com.fasterxml.jackson.databind.exc.ValueInstantiationException: Cannot construct instance of `account.presentation.SignUpRequest`, problem: Parameter specified as non-null is null: method account.presentation.SignUpRequest.<init>, parameter name<LF> at [Source: (PushbackInputStream); line: 1, column: 71]]
?[0m?[0;34m2023-10-18 13:46:03.870 DEBUG 11668 --- [io-28852-exec-2] o.s.web.servlet.DispatcherServlet        : Completed 400 BAD_REQUEST
?[0m?[0;34m2023-10-18 13:46:03.876 DEBUG 11668 --- [io-28852-exec-2] o.s.web.servlet.DispatcherServlet        : "ERROR" dispatch for POST "/error", parameters={}
?[0m?[0;34m2023-10-18 13:46:03.882 DEBUG 11668 --- [io-28852-exec-2] s.w.s.m.m.a.RequestMappingHandlerMapping : Mapped to org.springframework.boot.autoconfigure.web.servlet.error.BasicErrorController#error(HttpServletRequest)
?[0m?[0;34m2023-10-18 13:46:03.895 DEBUG 11668 --- [io-28852-exec-2] o.s.w.s.m.m.a.HttpEntityMethodProcessor  : Using 'application/json', given [*/*] and supported [application/json, application/*+json, application/json, application/*+json]
?[0m?[0;34m2023-10-18 13:46:03.896 DEBUG 11668 --- [io-28852-exec-2] o.s.w.s.m.m.a.HttpEntityMethodProcessor  : Writing [{timestamp=Wed Oct 18 13:46:03 UZT 2023, status=400, error=Bad Request, message=JSON parse error: Ca (truncated)...]
?[0m?[0;34m2023-10-18 13:46:03.916 DEBUG 11668 --- [io-28852-exec-2] o.s.web.servlet.DispatcherServlet        : Exiting from "ERROR" dispatch, status 400
?[1;31m
Start test 3?[0m
?[0;34m2023-10-18 13:46:03.982 DEBUG 11668 --- [io-28852-exec-3] s.w.s.m.m.a.RequestMappingHandlerMapping : Mapped to account.presentation.DemoController#register(SignUpRequest)
?[0m?[0;34m2023-10-18 13:46:03.997 DEBUG 11668 --- [io-28852-exec-3] s.w.s.m.m.a.RequestMappingHandlerMapping : Mapped to account.presentation.DemoController#register(SignUpRequest)
?[0m?[0;34m2023-10-18 13:46:04.000 DEBUG 11668 --- [io-28852-exec-3] o.s.web.servlet.DispatcherServlet        : POST "/api/auth/signup", parameters={}
?[0m?[0;34m2023-10-18 13:46:04.009 DEBUG 11668 --- [io-28852-exec-3] s.w.s.m.m.a.RequestMappingHandlerMapping : Mapped to account.presentation.DemoController#register(SignUpRequest)
?[0m?[0;34m2023-10-18 13:46:04.011 DEBUG 11668 --- [io-28852-exec-3] m.m.a.RequestResponseBodyMethodProcessor : Read "application/json;charset=UTF-8" to [SignUpRequest(name=John, lastname=, email=JohnDoe@acme.com, password=oMoa3VvqnLxW, roles=null)]
?[0m?[0;34msignUpRequest = SignUpRequest(name=John, lastname=, email=JohnDoe@acme.com, password=oMoa3VvqnLxW, roles=null)
?[0m?[0;34min else, request = SignUpRequest(name=John, lastname=, email=JohnDoe@acme.com, password=oMoa3VvqnLxW, roles=null)
?[0m?[0;34m2023-10-18 13:46:04.014 DEBUG 11668 --- [io-28852-exec-3] o.s.w.s.m.m.a.HttpEntityMethodProcessor  : Using 'application/json', given [*/*] and supported [application/json, application/*+json, application/json, application/*+json]
?[0m?[0;34m2023-10-18 13:46:04.015 DEBUG 11668 --- [io-28852-exec-3] o.s.w.s.m.m.a.HttpEntityMethodProcessor  : Nothing to write: null body
?[0m?[0;34m2023-10-18 13:46:04.015 DEBUG 11668 --- [io-28852-exec-3] o.s.web.servlet.DispatcherServlet        : Completed 400 BAD_REQUEST
?[1;31m
Start test 4?[0m
?[0;34m2023-10-18 13:46:04.027 DEBUG 11668 --- [io-28852-exec-4] s.w.s.m.m.a.RequestMappingHandlerMapping : Mapped to account.presentation.DemoController#register(SignUpRequest)
?[0m?[0;34m2023-10-18 13:46:04.030 DEBUG 11668 --- [io-28852-exec-4] s.w.s.m.m.a.RequestMappingHandlerMapping : Mapped to account.presentation.DemoController#register(SignUpRequest)
?[0m?[0;34m2023-10-18 13:46:04.030 DEBUG 11668 --- [io-28852-exec-4] o.s.web.servlet.DispatcherServlet        : POST "/api/auth/signup", parameters={}
?[0m?[0;34m2023-10-18 13:46:04.039 DEBUG 11668 --- [io-28852-exec-4] s.w.s.m.m.a.RequestMappingHandlerMapping : Mapped to account.presentation.DemoController#register(SignUpRequest)
?[0m?[0;34m2023-10-18 13:46:04.042 DEBUG 11668 --- [io-28852-exec-4] o.s.web.method.HandlerMethod             : Could not resolve parameter [0] in public final org.springframework.http.ResponseEntity<account.presentation.SignUpResponse> account.presentation.DemoController.register(account.presentation.SignUpRequest): JSON parse error: Cannot construct instance of `account.presentation.SignUpRequest`, problem: Parameter specified as non-null is null: method account.presentation.SignUpRequest.<init>, parameter lastname; nested exception is com.fasterxml.jackson.databind.exc.ValueInstantiationException: Cannot construct instance of `account.presentation.SignUpRequest`, problem: Parameter specified as non-null is null: method account.presentation.SignUpRequest.<init>, parameter lastname
?[0m?[0;34m at [Source: (PushbackInputStream); line: 1, column: 68]
?[0m?[0;34m2023-10-18 13:46:04.043  WARN 11668 --- [io-28852-exec-4] .w.s.m.s.DefaultHandlerExceptionResolver : Resolved [org.springframework.http.converter.HttpMessageNotReadableException: JSON parse error: Cannot construct instance of `account.presentation.SignUpRequest`, problem: Parameter specified as non-null is null: method account.presentation.SignUpRequest.<init>, parameter lastname; nested exception is com.fasterxml.jackson.databind.exc.ValueInstantiationException: Cannot construct instance of `account.presentation.SignUpRequest`, problem: Parameter specified as non-null is null: method account.presentation.SignUpRequest.<init>, parameter lastname<LF> at [Source: (PushbackInputStream); line: 1, column: 68]]
?[0m?[0;34m2023-10-18 13:46:04.044 DEBUG 11668 --- [io-28852-exec-4] o.s.web.servlet.DispatcherServlet        : Completed 400 BAD_REQUEST
?[0m?[0;34m2023-10-18 13:46:04.057 DEBUG 11668 --- [io-28852-exec-4] o.s.web.servlet.DispatcherServlet        : "ERROR" dispatch for POST "/error", parameters={}
?[0m?[0;34m2023-10-18 13:46:04.062 DEBUG 11668 --- [io-28852-exec-4] s.w.s.m.m.a.RequestMappingHandlerMapping : Mapped to org.springframework.boot.autoconfigure.web.servlet.error.BasicErrorController#error(HttpServletRequest)
?[0m?[0;34m2023-10-18 13:46:04.065 DEBUG 11668 --- [io-28852-exec-4] o.s.w.s.m.m.a.HttpEntityMethodProcessor  : Using 'application/json', given [*/*] and supported [application/json, application/*+json, application/json, application/*+json]
?[0m?[0;34m2023-10-18 13:46:04.065 DEBUG 11668 --- [io-28852-exec-4] o.s.w.s.m.m.a.HttpEntityMethodProcessor  : Writing [{timestamp=Wed Oct 18 13:46:04 UZT 2023, status=400, error=Bad Request, message=JSON parse error: Ca (truncated)...]
?[0m?[0;34m2023-10-18 13:46:04.069 DEBUG 11668 --- [io-28852-exec-4] o.s.web.servlet.DispatcherServlet        : Exiting from "ERROR" dispatch, status 400
?[1;31m
Start test 5?[0m
?[0;34m2023-10-18 13:46:04.091 DEBUG 11668 --- [io-28852-exec-5] s.w.s.m.m.a.RequestMappingHandlerMapping : Mapped to account.presentation.DemoController#register(SignUpRequest)
?[0m?[0;34m2023-10-18 13:46:04.093 DEBUG 11668 --- [io-28852-exec-5] s.w.s.m.m.a.RequestMappingHandlerMapping : Mapped to account.presentation.DemoController#register(SignUpRequest)
?[0m?[0;34m2023-10-18 13:46:04.094 DEBUG 11668 --- [io-28852-exec-5] o.s.web.servlet.DispatcherServlet        : POST "/api/auth/signup", parameters={}
?[0m?[0;34m2023-10-18 13:46:04.095 DEBUG 11668 --- [io-28852-exec-5] s.w.s.m.m.a.RequestMappingHandlerMapping : Mapped to account.presentation.DemoController#register(SignUpRequest)
?[0m?[0;34m2023-10-18 13:46:04.098 DEBUG 11668 --- [io-28852-exec-5] m.m.a.RequestResponseBodyMethodProcessor : Read "application/json;charset=UTF-8" to [SignUpRequest(name=John, lastname=Doe, email=, password=oMoa3VvqnLxW, roles=null)]
?[0m?[0;34msignUpRequest = SignUpRequest(name=John, lastname=Doe, email=, password=oMoa3VvqnLxW, roles=null)
?[0m?[0;34min else, request = SignUpRequest(name=John, lastname=Doe, email=, password=oMoa3VvqnLxW, roles=null)
?[0m?[0;34m2023-10-18 13:46:04.109 DEBUG 11668 --- [io-28852-exec-5] o.s.w.s.m.m.a.HttpEntityMethodProcessor  : Using 'application/json', given [*/*] and supported [application/json, application/*+json, application/json, application/*+json]
?[0m?[0;34m2023-10-18 13:46:04.110 DEBUG 11668 --- [io-28852-exec-5] o.s.w.s.m.m.a.HttpEntityMethodProcessor  : Nothing to write: null body
?[0m?[0;34m2023-10-18 13:46:04.112 DEBUG 11668 --- [io-28852-exec-5] o.s.web.servlet.DispatcherServlet        : Completed 400 BAD_REQUEST
?[1;31m
Start test 6?[0m
?[0;34m2023-10-18 13:46:04.123 DEBUG 11668 --- [io-28852-exec-6] s.w.s.m.m.a.RequestMappingHandlerMapping : Mapped to account.presentation.DemoController#register(SignUpRequest)
?[0m?[0;34m2023-10-18 13:46:04.126 DEBUG 11668 --- [io-28852-exec-6] s.w.s.m.m.a.RequestMappingHandlerMapping : Mapped to account.presentation.DemoController#register(SignUpRequest)
?[0m?[0;34m2023-10-18 13:46:04.127 DEBUG 11668 --- [io-28852-exec-6] o.s.web.servlet.DispatcherServlet        : POST "/api/auth/signup", parameters={}
?[0m?[0;34m2023-10-18 13:46:04.131 DEBUG 11668 --- [io-28852-exec-6] s.w.s.m.m.a.RequestMappingHandlerMapping : Mapped to account.presentation.DemoController#register(SignUpRequest)
?[0m?[0;34m2023-10-18 13:46:04.146 DEBUG 11668 --- [io-28852-exec-6] o.s.web.method.HandlerMethod             : Could not resolve parameter [0] in public final org.springframework.http.ResponseEntity<account.presentation.SignUpResponse> account.presentation.DemoController.register(account.presentation.SignUpRequest): JSON parse error: Cannot construct instance of `account.presentation.SignUpRequest`, problem: Parameter specified as non-null is null: method account.presentation.SignUpRequest.<init>, parameter email; nested exception is com.fasterxml.jackson.databind.exc.ValueInstantiationException: Cannot construct instance of `account.presentation.SignUpRequest`, problem: Parameter specified as non-null is null: method account.presentation.SignUpRequest.<init>, parameter email
?[0m?[0;34m at [Source: (PushbackInputStream); line: 1, column: 58]
?[0m?[0;34m2023-10-18 13:46:04.149  WARN 11668 --- [io-28852-exec-6] .w.s.m.s.DefaultHandlerExceptionResolver : Resolved [org.springframework.http.converter.HttpMessageNotReadableException: JSON parse error: Cannot construct instance of `account.presentation.SignUpRequest`, problem: Parameter specified as non-null is null: method account.presentation.SignUpRequest.<init>, parameter email; nested exception is com.fasterxml.jackson.databind.exc.ValueInstantiationException: Cannot construct instance of `account.presentation.SignUpRequest`, problem: Parameter specified as non-null is null: method account.presentation.SignUpRequest.<init>, parameter email<LF> at [Source: (PushbackInputStream); line: 1, column: 58]]
?[0m?[0;34m2023-10-18 13:46:04.152 DEBUG 11668 --- [io-28852-exec-6] o.s.web.servlet.DispatcherServlet        : Completed 400 BAD_REQUEST
?[0m?[0;34m2023-10-18 13:46:04.158 DEBUG 11668 --- [io-28852-exec-6] o.s.web.servlet.DispatcherServlet        : "ERROR" dispatch for POST "/error", parameters={}
?[0m?[0;34m2023-10-18 13:46:04.161 DEBUG 11668 --- [io-28852-exec-6] s.w.s.m.m.a.RequestMappingHandlerMapping : Mapped to org.springframework.boot.autoconfigure.web.servlet.error.BasicErrorController#error(HttpServletRequest)
?[0m?[0;34m2023-10-18 13:46:04.190 DEBUG 11668 --- [io-28852-exec-6] o.s.w.s.m.m.a.HttpEntityMethodProcessor  : Using 'application/json', given [*/*] and supported [application/json, application/*+json, application/json, application/*+json]
?[0m?[0;34m2023-10-18 13:46:04.191 DEBUG 11668 --- [io-28852-exec-6] o.s.w.s.m.m.a.HttpEntityMethodProcessor  : Writing [{timestamp=Wed Oct 18 13:46:04 UZT 2023, status=400, error=Bad Request, message=JSON parse error: Ca (truncated)...]
?[0m?[0;34m2023-10-18 13:46:04.195 DEBUG 11668 --- [io-28852-exec-6] o.s.web.servlet.DispatcherServlet        : Exiting from "ERROR" dispatch, status 400
?[1;31m
Start test 7?[0m
?[0;34m2023-10-18 13:46:04.212 DEBUG 11668 --- [io-28852-exec-7] s.w.s.m.m.a.RequestMappingHandlerMapping : Mapped to account.presentation.DemoController#register(SignUpRequest)
?[0m?[0;34m2023-10-18 13:46:04.214 DEBUG 11668 --- [io-28852-exec-7] s.w.s.m.m.a.RequestMappingHandlerMapping : Mapped to account.presentation.DemoController#register(SignUpRequest)
?[0m?[0;34m2023-10-18 13:46:04.214 DEBUG 11668 --- [io-28852-exec-7] o.s.web.servlet.DispatcherServlet        : POST "/api/auth/signup", parameters={}
?[0m?[0;34m2023-10-18 13:46:04.216 DEBUG 11668 --- [io-28852-exec-7] s.w.s.m.m.a.RequestMappingHandlerMapping : Mapped to account.presentation.DemoController#register(SignUpRequest)
?[0m?[0;34m2023-10-18 13:46:04.222 DEBUG 11668 --- [io-28852-exec-7] m.m.a.RequestResponseBodyMethodProcessor : Read "application/json;charset=UTF-8" to [SignUpRequest(name=John, lastname=Doe, email=JohnDoe@acme.com, password=, roles=null)]
?[0m?[0;34msignUpRequest = SignUpRequest(name=John, lastname=Doe, email=JohnDoe@acme.com, password=, roles=null)
?[0m?[0;34min else, request = SignUpRequest(name=John, lastname=Doe, email=JohnDoe@acme.com, password=, roles=null)
?[0m?[0;34m2023-10-18 13:46:04.225 DEBUG 11668 --- [io-28852-exec-7] o.s.w.s.m.m.a.HttpEntityMethodProcessor  : Using 'application/json', given [*/*] and supported [application/json, application/*+json, application/json, application/*+json]
?[0m?[0;34m2023-10-18 13:46:04.225 DEBUG 11668 --- [io-28852-exec-7] o.s.w.s.m.m.a.HttpEntityMethodProcessor  : Nothing to write: null body
?[0m?[0;34m2023-10-18 13:46:04.227 DEBUG 11668 --- [io-28852-exec-7] o.s.web.servlet.DispatcherServlet        : Completed 400 BAD_REQUEST
?[1;31m
Start test 8?[0m
?[0;34m2023-10-18 13:46:04.248 DEBUG 11668 --- [io-28852-exec-8] s.w.s.m.m.a.RequestMappingHandlerMapping : Mapped to account.presentation.DemoController#register(SignUpRequest)
?[0m?[0;34m2023-10-18 13:46:04.250 DEBUG 11668 --- [io-28852-exec-8] s.w.s.m.m.a.RequestMappingHandlerMapping : Mapped to account.presentation.DemoController#register(SignUpRequest)
?[0m?[0;34m2023-10-18 13:46:04.250 DEBUG 11668 --- [io-28852-exec-8] o.s.web.servlet.DispatcherServlet        : POST "/api/auth/signup", parameters={}
?[0m?[0;34m2023-10-18 13:46:04.252 DEBUG 11668 --- [io-28852-exec-8] s.w.s.m.m.a.RequestMappingHandlerMapping : Mapped to account.presentation.DemoController#register(SignUpRequest)
?[0m?[0;34m2023-10-18 13:46:04.260 DEBUG 11668 --- [io-28852-exec-8] o.s.web.method.HandlerMethod             : Could not resolve parameter [0] in public final org.springframework.http.ResponseEntity<account.presentation.SignUpResponse> account.presentation.DemoController.register(account.presentation.SignUpRequest): JSON parse error: Cannot construct instance of `account.presentation.SignUpRequest`, problem: Parameter specified as non-null is null: method account.presentation.SignUpRequest.<init>, parameter password; nested exception is com.fasterxml.jackson.databind.exc.ValueInstantiationException: Cannot construct instance of `account.presentation.SignUpRequest`, problem: Parameter specified as non-null is null: method account.presentation.SignUpRequest.<init>, parameter password
?[0m?[0;34m at [Source: (PushbackInputStream); line: 1, column: 59]
?[0m?[0;34m2023-10-18 13:46:04.261  WARN 11668 --- [io-28852-exec-8] .w.s.m.s.DefaultHandlerExceptionResolver : Resolved [org.springframework.http.converter.HttpMessageNotReadableException: JSON parse error: Cannot construct instance of `account.presentation.SignUpRequest`, problem: Parameter specified as non-null is null: method account.presentation.SignUpRequest.<init>, parameter password; nested exception is com.fasterxml.jackson.databind.exc.ValueInstantiationException: Cannot construct instance of `account.presentation.SignUpRequest`, problem: Parameter specified as non-null is null: method account.presentation.SignUpRequest.<init>, parameter password<LF> at [Source: (PushbackInputStream); line: 1, column: 59]]
?[0m?[0;34m2023-10-18 13:46:04.261 DEBUG 11668 --- [io-28852-exec-8] o.s.web.servlet.DispatcherServlet        : Completed 400 BAD_REQUEST
?[0m?[0;34m2023-10-18 13:46:04.263 DEBUG 11668 --- [io-28852-exec-8] o.s.web.servlet.DispatcherServlet        : "ERROR" dispatch for POST "/error", parameters={}
?[0m?[0;34m2023-10-18 13:46:04.264 DEBUG 11668 --- [io-28852-exec-8] s.w.s.m.m.a.RequestMappingHandlerMapping : Mapped to org.springframework.boot.autoconfigure.web.servlet.error.BasicErrorController#error(HttpServletRequest)
?[0m?[0;34m2023-10-18 13:46:04.265 DEBUG 11668 --- [io-28852-exec-8] o.s.w.s.m.m.a.HttpEntityMethodProcessor  : Using 'application/json', given [*/*] and supported [application/json, application/*+json, application/json, application/*+json]
?[0m?[0;34m2023-10-18 13:46:04.265 DEBUG 11668 --- [io-28852-exec-8] o.s.w.s.m.m.a.HttpEntityMethodProcessor  : Writing [{timestamp=Wed Oct 18 13:46:04 UZT 2023, status=400, error=Bad Request, message=JSON parse error: Ca (truncated)...]
?[0m?[0;34m2023-10-18 13:46:04.267 DEBUG 11668 --- [io-28852-exec-8] o.s.web.servlet.DispatcherServlet        : Exiting from "ERROR" dispatch, status 400
?[1;31m
Start test 9?[0m
?[0;34m2023-10-18 13:46:04.291 DEBUG 11668 --- [io-28852-exec-9] s.w.s.m.m.a.RequestMappingHandlerMapping : Mapped to account.presentation.DemoController#register(SignUpRequest)
?[0m?[0;34m2023-10-18 13:46:04.293 DEBUG 11668 --- [io-28852-exec-9] s.w.s.m.m.a.RequestMappingHandlerMapping : Mapped to account.presentation.DemoController#register(SignUpRequest)
?[0m?[0;34m2023-10-18 13:46:04.293 DEBUG 11668 --- [io-28852-exec-9] o.s.web.servlet.DispatcherServlet        : POST "/api/auth/signup", parameters={}
?[0m?[0;34m2023-10-18 13:46:04.294 DEBUG 11668 --- [io-28852-exec-9] s.w.s.m.m.a.RequestMappingHandlerMapping : Mapped to account.presentation.DemoController#register(SignUpRequest)
?[0m?[0;34m2023-10-18 13:46:04.295 DEBUG 11668 --- [io-28852-exec-9] m.m.a.RequestResponseBodyMethodProcessor : Read "application/json;charset=UTF-8" to [SignUpRequest(name=John, lastname=Doe, email=johndoeacme.com, password=oMoa3VvqnLxW, roles=null)]
?[0m?[0;34msignUpRequest = SignUpRequest(name=John, lastname=Doe, email=johndoeacme.com, password=oMoa3VvqnLxW, roles=null)
?[0m?[0;34min else, request = SignUpRequest(name=John, lastname=Doe, email=johndoeacme.com, password=oMoa3VvqnLxW, roles=null)
?[0m?[0;34m2023-10-18 13:46:04.297 DEBUG 11668 --- [io-28852-exec-9] o.s.w.s.m.m.a.HttpEntityMethodProcessor  : Using 'application/json', given [*/*] and supported [application/json, application/*+json, application/json, application/*+json]
?[0m?[0;34m2023-10-18 13:46:04.297 DEBUG 11668 --- [io-28852-exec-9] o.s.w.s.m.m.a.HttpEntityMethodProcessor  : Nothing to write: null body
?[0m?[0;34m2023-10-18 13:46:04.298 DEBUG 11668 --- [io-28852-exec-9] o.s.web.servlet.DispatcherServlet        : Completed 400 BAD_REQUEST
?[1;31m
Start test 10?[0m
?[0;34m2023-10-18 13:46:04.325 DEBUG 11668 --- [o-28852-exec-10] s.w.s.m.m.a.RequestMappingHandlerMapping : Mapped to account.presentation.DemoController#register(SignUpRequest)
?[0m?[0;34m2023-10-18 13:46:04.327 DEBUG 11668 --- [o-28852-exec-10] s.w.s.m.m.a.RequestMappingHandlerMapping : Mapped to account.presentation.DemoController#register(SignUpRequest)
?[0m?[0;34m2023-10-18 13:46:04.328 DEBUG 11668 --- [o-28852-exec-10] o.s.web.servlet.DispatcherServlet        : POST "/api/auth/signup", parameters={}
?[0m?[0;34m2023-10-18 13:46:04.329 DEBUG 11668 --- [o-28852-exec-10] s.w.s.m.m.a.RequestMappingHandlerMapping : Mapped to account.presentation.DemoController#register(SignUpRequest)
?[0m?[0;34m2023-10-18 13:46:04.331 DEBUG 11668 --- [o-28852-exec-10] m.m.a.RequestResponseBodyMethodProcessor : Read "application/json;charset=UTF-8" to [SignUpRequest(name=John, lastname=Doe, email=johndoe@google.com, password=oMoa3VvqnLxW, roles=null)]
?[0m?[0;34msignUpRequest = SignUpRequest(name=John, lastname=Doe, email=johndoe@google.com, password=oMoa3VvqnLxW, roles=null)
?[0m?[0;34min else, request = SignUpRequest(name=John, lastname=Doe, email=johndoe@google.com, password=oMoa3VvqnLxW, roles=null)
?[0m?[0;34m2023-10-18 13:46:04.372 DEBUG 11668 --- [o-28852-exec-10] o.s.w.s.m.m.a.HttpEntityMethodProcessor  : Using 'application/json', given [*/*] and supported [application/json, application/*+json, application/json, application/*+json]
?[0m?[0;34m2023-10-18 13:46:04.373 DEBUG 11668 --- [o-28852-exec-10] o.s.w.s.m.m.a.HttpEntityMethodProcessor  : Nothing to write: null body
?[0m?[0;34m2023-10-18 13:46:04.373 DEBUG 11668 --- [o-28852-exec-10] o.s.web.servlet.DispatcherServlet        : Completed 400 BAD_REQUEST
?[1;31m
Start test 11?[0m
?[0m?[0;34m2023-10-18 13:46:04.409 DEBUG 11668 --- [io-28852-exec-1] s.w.s.m.m.a.RequestMappingHandlerMapping : Mapped to account.presentation.DemoController#register(SignUpRequest)
?[0m?[0;34m2023-10-18 13:46:04.410 DEBUG 11668 --- [io-28852-exec-1] s.w.s.m.m.a.RequestMappingHandlerMapping : Mapped to account.presentation.DemoController#register(SignUpRequest)
?[0m?[0;34m2023-10-18 13:46:04.411 DEBUG 11668 --- [io-28852-exec-1] o.s.web.servlet.DispatcherServlet        : POST "/api/auth/signup", parameters={}
?[0m?[0;34m2023-10-18 13:46:04.411 DEBUG 11668 --- [io-28852-exec-1] s.w.s.m.m.a.RequestMappingHandlerMapping : Mapped to account.presentation.DemoController#register(SignUpRequest)
?[0m?[0;34m2023-10-18 13:46:04.412 DEBUG 11668 --- [io-28852-exec-1] m.m.a.RequestResponseBodyMethodProcessor : Read "application/json;charset=UTF-8" to [SignUpRequest(name=John, lastname=Doe, email=JohnDoe@acme.com, password=PasswordForJanuary, roles=nu (truncated)...]
?[0m?[0;34msignUpRequest = SignUpRequest(name=John, lastname=Doe, email=JohnDoe@acme.com, password=PasswordForJanuary, roles=null)
?[0m?[0;34m
?[0m?[0;34min /register 
?[0m?[0;34m
?[0m?[0;34mHibernate: select appuser0_.id as id1_0_, appuser0_.email as email2_0_, appuser0_.lastname as lastname3_0_, appuser0_.name as name4_0_, appuser0_.password as password5_0_ from app_user appuser0_
?[0m?[0;34m2023-10-18 13:46:04.954 DEBUG 11668 --- [io-28852-exec-1] .w.s.m.a.ResponseStatusExceptionResolver : Resolved [account.businesslayer.BreachedPasswordException]
?[0m?[0;34m2023-10-18 13:46:04.955 DEBUG 11668 --- [io-28852-exec-1] o.s.web.servlet.DispatcherServlet        : Completed 400 BAD_REQUEST
?[0m?[0;34m2023-10-18 13:46:04.959 DEBUG 11668 --- [io-28852-exec-1] o.s.web.servlet.DispatcherServlet        : "ERROR" dispatch for POST "/error", parameters={}
?[0m?[0;34m2023-10-18 13:46:04.960 DEBUG 11668 --- [io-28852-exec-1] s.w.s.m.m.a.RequestMappingHandlerMapping : Mapped to org.springframework.boot.autoconfigure.web.servlet.error.BasicErrorController#error(HttpServletRequest)
?[0m?[0;34m2023-10-18 13:46:04.961 DEBUG 11668 --- [io-28852-exec-1] o.s.w.s.m.m.a.HttpEntityMethodProcessor  : Using 'application/json', given [*/*] and supported [application/json, application/*+json, application/json, application/*+json]
?[0m?[0;34m2023-10-18 13:46:04.962 DEBUG 11668 --- [io-28852-exec-1] o.s.w.s.m.m.a.HttpEntityMethodProcessor  : Writing [{timestamp=Wed Oct 18 13:46:04 UZT 2023, status=400, error=Bad Request, message=The password is in t (truncated)...]
?[0m?[0;34m2023-10-18 13:46:04.963 DEBUG 11668 --- [io-28852-exec-1] o.s.web.servlet.DispatcherServlet        : Exiting from "ERROR" dispatch, status 400
?[0m?[0;34m2023-10-18 13:46:05.022 DEBUG 11668 --- [io-28852-exec-2] s.w.s.m.m.a.RequestMappingHandlerMapping : Mapped to account.presentation.DemoController#register(SignUpRequest)
?[0m?[0;34m2023-10-18 13:46:05.024 DEBUG 11668 --- [io-28852-exec-2] s.w.s.m.m.a.RequestMappingHandlerMapping : Mapped to account.presentation.DemoController#register(SignUpRequest)
?[0m?[0;34m2023-10-18 13:46:05.025 DEBUG 11668 --- [io-28852-exec-2] o.s.web.servlet.DispatcherServlet        : POST "/api/auth/signup", parameters={}
?[0m?[0;34m2023-10-18 13:46:05.027 DEBUG 11668 --- [io-28852-exec-2] s.w.s.m.m.a.RequestMappingHandlerMapping : Mapped to account.presentation.DemoController#register(SignUpRequest)
?[0m?[0;34m2023-10-18 13:46:05.028 DEBUG 11668 --- [io-28852-exec-2] m.m.a.RequestResponseBodyMethodProcessor : Read "application/json;charset=UTF-8" to [SignUpRequest(name=John, lastname=Doe, email=JohnDoe@acme.com, password=PasswordForFebruary, roles=n (truncated)...]
?[0m?[0;34msignUpRequest = SignUpRequest(name=John, lastname=Doe, email=JohnDoe@acme.com, password=PasswordForFebruary, roles=null)
?[0m?[0;34m
?[0m?[0;34min /register 
?[0m?[0;34m
?[0m?[0;34mHibernate: select appuser0_.id as id1_0_, appuser0_.email as email2_0_, appuser0_.lastname as lastname3_0_, appuser0_.name as name4_0_, appuser0_.password as password5_0_ from app_user appuser0_
?[0m?[0;34m2023-10-18 13:46:05.032 DEBUG 11668 --- [io-28852-exec-2] .w.s.m.a.ResponseStatusExceptionResolver : Resolved [account.businesslayer.BreachedPasswordException]
?[0m?[0;34m2023-10-18 13:46:05.033 DEBUG 11668 --- [io-28852-exec-2] o.s.web.servlet.DispatcherServlet        : Completed 400 BAD_REQUEST
?[0m?[0;34m2023-10-18 13:46:05.038 DEBUG 11668 --- [io-28852-exec-2] o.s.web.servlet.DispatcherServlet        : "ERROR" dispatch for POST "/error", parameters={}
?[0m?[0;34m2023-10-18 13:46:05.040 DEBUG 11668 --- [io-28852-exec-2] s.w.s.m.m.a.RequestMappingHandlerMapping : Mapped to org.springframework.boot.autoconfigure.web.servlet.error.BasicErrorController#error(HttpServletRequest)
?[0m?[0;34m2023-10-18 13:46:05.041 DEBUG 11668 --- [io-28852-exec-2] o.s.w.s.m.m.a.HttpEntityMethodProcessor  : Using 'application/json', given [*/*] and supported [application/json, application/*+json, application/json, application/*+json]
?[0m?[0;34m2023-10-18 13:46:05.042 DEBUG 11668 --- [io-28852-exec-2] o.s.w.s.m.m.a.HttpEntityMethodProcessor  : Writing [{timestamp=Wed Oct 18 13:46:05 UZT 2023, status=400, error=Bad Request, message=The password is in t (truncated)...]
?[0m?[0;34m2023-10-18 13:46:05.044 DEBUG 11668 --- [io-28852-exec-2] o.s.web.servlet.DispatcherServlet        : Exiting from "ERROR" dispatch, status 400
?[0m?[0;34m2023-10-18 13:46:05.055 DEBUG 11668 --- [io-28852-exec-3] s.w.s.m.m.a.RequestMappingHandlerMapping : Mapped to account.presentation.DemoController#register(SignUpRequest)
?[0m?[0;34m2023-10-18 13:46:05.058 DEBUG 11668 --- [io-28852-exec-3] s.w.s.m.m.a.RequestMappingHandlerMapping : Mapped to account.presentation.DemoController#register(SignUpRequest)
?[0m?[0;34m2023-10-18 13:46:05.059 DEBUG 11668 --- [io-28852-exec-3] o.s.web.servlet.DispatcherServlet        : POST "/api/auth/signup", parameters={}
?[0m?[0;34m2023-10-18 13:46:05.060 DEBUG 11668 --- [io-28852-exec-3] s.w.s.m.m.a.RequestMappingHandlerMapping : Mapped to account.presentation.DemoController#register(SignUpRequest)
?[0m?[0;34m2023-10-18 13:46:05.063 DEBUG 11668 --- [io-28852-exec-3] m.m.a.RequestResponseBodyMethodProcessor : Read "application/json;charset=UTF-8" to [SignUpRequest(name=John, lastname=Doe, email=JohnDoe@acme.com, password=PasswordForMarch, roles=null (truncated)...]
?[0m?[0;34msignUpRequest = SignUpRequest(name=John, lastname=Doe, email=JohnDoe@acme.com, password=PasswordForMarch, roles=null)
?[0m?[0;34m
?[0m?[0;34min /register 
?[0m?[0;34m
?[0m?[0;34mHibernate: select appuser0_.id as id1_0_, appuser0_.email as email2_0_, appuser0_.lastname as lastname3_0_, appuser0_.name as name4_0_, appuser0_.password as password5_0_ from app_user appuser0_
?[0m?[0;34m2023-10-18 13:46:05.076 DEBUG 11668 --- [io-28852-exec-3] .w.s.m.a.ResponseStatusExceptionResolver : Resolved [account.businesslayer.BreachedPasswordException]
?[0m?[0;34m2023-10-18 13:46:05.077 DEBUG 11668 --- [io-28852-exec-3] o.s.web.servlet.DispatcherServlet        : Completed 400 BAD_REQUEST
?[0m?[0;34m2023-10-18 13:46:05.079 DEBUG 11668 --- [io-28852-exec-3] o.s.web.servlet.DispatcherServlet        : "ERROR" dispatch for POST "/error", parameters={}
?[0m?[0;34m2023-10-18 13:46:05.095 DEBUG 11668 --- [io-28852-exec-3] s.w.s.m.m.a.RequestMappingHandlerMapping : Mapped to org.springframework.boot.autoconfigure.web.servlet.error.BasicErrorController#error(HttpServletRequest)
?[0m?[0;34m2023-10-18 13:46:05.097 DEBUG 11668 --- [io-28852-exec-3] o.s.w.s.m.m.a.HttpEntityMethodProcessor  : Using 'application/json', given [*/*] and supported [application/json, application/*+json, application/json, application/*+json]
?[0m?[0;34m2023-10-18 13:46:05.097 DEBUG 11668 --- [io-28852-exec-3] o.s.w.s.m.m.a.HttpEntityMethodProcessor  : Writing [{timestamp=Wed Oct 18 13:46:05 UZT 2023, status=400, error=Bad Request, message=The password is in t (truncated)...]
?[0m?[0;34m2023-10-18 13:46:05.104 DEBUG 11668 --- [io-28852-exec-3] o.s.web.servlet.DispatcherServlet        : Exiting from "ERROR" dispatch, status 400
?[0m?[0;34m2023-10-18 13:46:05.117 DEBUG 11668 --- [io-28852-exec-4] s.w.s.m.m.a.RequestMappingHandlerMapping : Mapped to account.presentation.DemoController#register(SignUpRequest)
?[0m?[0;34m2023-10-18 13:46:05.118 DEBUG 11668 --- [io-28852-exec-4] s.w.s.m.m.a.RequestMappingHandlerMapping : Mapped to account.presentation.DemoController#register(SignUpRequest)
?[0m?[0;34m2023-10-18 13:46:05.119 DEBUG 11668 --- [io-28852-exec-4] o.s.web.servlet.DispatcherServlet        : POST "/api/auth/signup", parameters={}
?[0m?[0;34m2023-10-18 13:46:05.121 DEBUG 11668 --- [io-28852-exec-4] s.w.s.m.m.a.RequestMappingHandlerMapping : Mapped to account.presentation.DemoController#register(SignUpRequest)
?[0m?[0;34m2023-10-18 13:46:05.125 DEBUG 11668 --- [io-28852-exec-4] m.m.a.RequestResponseBodyMethodProcessor : Read "application/json;charset=UTF-8" to [SignUpRequest(name=John, lastname=Doe, email=JohnDoe@acme.com, password=PasswordForApril, roles=null (truncated)...]
?[0m?[0;34msignUpRequest = SignUpRequest(name=John, lastname=Doe, email=JohnDoe@acme.com, password=PasswordForApril, roles=null)
?[0m?[0;34m
?[0m?[0;34min /register 
?[0m?[0;34m
?[0m?[0;34mHibernate: select appuser0_.id as id1_0_, appuser0_.email as email2_0_, appuser0_.lastname as lastname3_0_, appuser0_.name as name4_0_, appuser0_.password as password5_0_ from app_user appuser0_
?[0m?[0;34m2023-10-18 13:46:05.129 DEBUG 11668 --- [io-28852-exec-4] .w.s.m.a.ResponseStatusExceptionResolver : Resolved [account.businesslayer.BreachedPasswordException]
?[0m?[0;34m2023-10-18 13:46:05.132 DEBUG 11668 --- [io-28852-exec-4] o.s.web.servlet.DispatcherServlet        : Completed 400 BAD_REQUEST
?[0m?[0;34m2023-10-18 13:46:05.140 DEBUG 11668 --- [io-28852-exec-4] o.s.web.servlet.DispatcherServlet        : "ERROR" dispatch for POST "/error", parameters={}
?[0m?[0;34m2023-10-18 13:46:05.142 DEBUG 11668 --- [io-28852-exec-4] s.w.s.m.m.a.RequestMappingHandlerMapping : Mapped to org.springframework.boot.autoconfigure.web.servlet.error.BasicErrorController#error(HttpServletRequest)
?[0m?[0;34m2023-10-18 13:46:05.143 DEBUG 11668 --- [io-28852-exec-4] o.s.w.s.m.m.a.HttpEntityMethodProcessor  : Using 'application/json', given [*/*] and supported [application/json, application/*+json, application/json, application/*+json]
?[0m?[0;34m2023-10-18 13:46:05.143 DEBUG 11668 --- [io-28852-exec-4] o.s.w.s.m.m.a.HttpEntityMethodProcessor  : Writing [{timestamp=Wed Oct 18 13:46:05 UZT 2023, status=400, error=Bad Request, message=The password is in t (truncated)...]
?[0m?[0;34m2023-10-18 13:46:05.147 DEBUG 11668 --- [io-28852-exec-4] o.s.web.servlet.DispatcherServlet        : Exiting from "ERROR" dispatch, status 400
?[0m?[0;34m2023-10-18 13:46:05.158 DEBUG 11668 --- [io-28852-exec-5] s.w.s.m.m.a.RequestMappingHandlerMapping : Mapped to account.presentation.DemoController#register(SignUpRequest)
?[0m?[0;34m2023-10-18 13:46:05.158 DEBUG 11668 --- [io-28852-exec-5] s.w.s.m.m.a.RequestMappingHandlerMapping : Mapped to account.presentation.DemoController#register(SignUpRequest)
?[0m?[0;34m2023-10-18 13:46:05.160 DEBUG 11668 --- [io-28852-exec-5] o.s.web.servlet.DispatcherServlet        : POST "/api/auth/signup", parameters={}
?[0m?[0;34m2023-10-18 13:46:05.162 DEBUG 11668 --- [io-28852-exec-5] s.w.s.m.m.a.RequestMappingHandlerMapping : Mapped to account.presentation.DemoController#register(SignUpRequest)
?[0m?[0;34m2023-10-18 13:46:05.163 DEBUG 11668 --- [io-28852-exec-5] m.m.a.RequestResponseBodyMethodProcessor : Read "application/json;charset=UTF-8" to [SignUpRequest(name=John, lastname=Doe, email=JohnDoe@acme.com, password=PasswordForMay, roles=null)]
?[0m?[0;34msignUpRequest = SignUpRequest(name=John, lastname=Doe, email=JohnDoe@acme.com, password=PasswordForMay, roles=null)
?[0m?[0;34m
?[0m?[0;34min /register 
?[0m?[0;34m
?[0m?[0;34mHibernate: select appuser0_.id as id1_0_, appuser0_.email as email2_0_, appuser0_.lastname as lastname3_0_, appuser0_.name as name4_0_, appuser0_.password as password5_0_ from app_user appuser0_
?[0m?[0;34m2023-10-18 13:46:05.168 DEBUG 11668 --- [io-28852-exec-5] .w.s.m.a.ResponseStatusExceptionResolver : Resolved [account.businesslayer.BreachedPasswordException]
?[0m?[0;34m2023-10-18 13:46:05.168 DEBUG 11668 --- [io-28852-exec-5] o.s.web.servlet.DispatcherServlet        : Completed 400 BAD_REQUEST
?[0m?[0;34m2023-10-18 13:46:05.170 DEBUG 11668 --- [io-28852-exec-5] o.s.web.servlet.DispatcherServlet        : "ERROR" dispatch for POST "/error", parameters={}
?[0m?[0;34m2023-10-18 13:46:05.171 DEBUG 11668 --- [io-28852-exec-5] s.w.s.m.m.a.RequestMappingHandlerMapping : Mapped to org.springframework.boot.autoconfigure.web.servlet.error.BasicErrorController#error(HttpServletRequest)
?[0m?[0;34m2023-10-18 13:46:05.172 DEBUG 11668 --- [io-28852-exec-5] o.s.w.s.m.m.a.HttpEntityMethodProcessor  : Using 'application/json', given [*/*] and supported [application/json, application/*+json, application/json, application/*+json]
?[0m?[0;34m2023-10-18 13:46:05.173 DEBUG 11668 --- [io-28852-exec-5] o.s.w.s.m.m.a.HttpEntityMethodProcessor  : Writing [{timestamp=Wed Oct 18 13:46:05 UZT 2023, status=400, error=Bad Request, message=The password is in t (truncated)...]
?[0m?[0;34m2023-10-18 13:46:05.174 DEBUG 11668 --- [io-28852-exec-5] o.s.web.servlet.DispatcherServlet        : Exiting from "ERROR" dispatch, status 400
?[0m?[0;34m2023-10-18 13:46:05.190 DEBUG 11668 --- [io-28852-exec-6] s.w.s.m.m.a.RequestMappingHandlerMapping : Mapped to account.presentation.DemoController#register(SignUpRequest)
?[0m?[0;34m2023-10-18 13:46:05.197 DEBUG 11668 --- [io-28852-exec-6] s.w.s.m.m.a.RequestMappingHandlerMapping : Mapped to account.presentation.DemoController#register(SignUpRequest)
?[0m?[0;34m2023-10-18 13:46:05.198 DEBUG 11668 --- [io-28852-exec-6] o.s.web.servlet.DispatcherServlet        : POST "/api/auth/signup", parameters={}
?[0m?[0;34m2023-10-18 13:46:05.198 DEBUG 11668 --- [io-28852-exec-6] s.w.s.m.m.a.RequestMappingHandlerMapping : Mapped to account.presentation.DemoController#register(SignUpRequest)
?[0m?[0;34m2023-10-18 13:46:05.204 DEBUG 11668 --- [io-28852-exec-6] m.m.a.RequestResponseBodyMethodProcessor : Read "application/json;charset=UTF-8" to [SignUpRequest(name=John, lastname=Doe, email=JohnDoe@acme.com, password=PasswordForJune, roles=null)]
?[0m?[0;34msignUpRequest = SignUpRequest(name=John, lastname=Doe, email=JohnDoe@acme.com, password=PasswordForJune, roles=null)
?[0m?[0;34m
?[0m?[0;34min /register 
?[0m?[0;34m
?[0m?[0;34mHibernate: select appuser0_.id as id1_0_, appuser0_.email as email2_0_, appuser0_.lastname as lastname3_0_, appuser0_.name as name4_0_, appuser0_.password as password5_0_ from app_user appuser0_
?[0m?[0;34m2023-10-18 13:46:05.208 DEBUG 11668 --- [io-28852-exec-6] .w.s.m.a.ResponseStatusExceptionResolver : Resolved [account.businesslayer.BreachedPasswordException]
?[0m?[0;34m2023-10-18 13:46:05.209 DEBUG 11668 --- [io-28852-exec-6] o.s.web.servlet.DispatcherServlet        : Completed 400 BAD_REQUEST
?[0m?[0;34m2023-10-18 13:46:05.212 DEBUG 11668 --- [io-28852-exec-6] o.s.web.servlet.DispatcherServlet        : "ERROR" dispatch for POST "/error", parameters={}
?[0m?[0;34m2023-10-18 13:46:05.213 DEBUG 11668 --- [io-28852-exec-6] s.w.s.m.m.a.RequestMappingHandlerMapping : Mapped to org.springframework.boot.autoconfigure.web.servlet.error.BasicErrorController#error(HttpServletRequest)
?[0m?[0;34m2023-10-18 13:46:05.214 DEBUG 11668 --- [io-28852-exec-6] o.s.w.s.m.m.a.HttpEntityMethodProcessor  : Using 'application/json', given [*/*] and supported [application/json, application/*+json, application/json, application/*+json]
?[0m?[0;34m2023-10-18 13:46:05.214 DEBUG 11668 --- [io-28852-exec-6] o.s.w.s.m.m.a.HttpEntityMethodProcessor  : Writing [{timestamp=Wed Oct 18 13:46:05 UZT 2023, status=400, error=Bad Request, message=The password is in t (truncated)...]
?[0m?[0;34m2023-10-18 13:46:05.216 DEBUG 11668 --- [io-28852-exec-6] o.s.web.servlet.DispatcherServlet        : Exiting from "ERROR" dispatch, status 400
?[0m?[0;34m2023-10-18 13:46:05.223 DEBUG 11668 --- [io-28852-exec-7] s.w.s.m.m.a.RequestMappingHandlerMapping : Mapped to account.presentation.DemoController#register(SignUpRequest)
?[0m?[0;34m2023-10-18 13:46:05.224 DEBUG 11668 --- [io-28852-exec-7] s.w.s.m.m.a.RequestMappingHandlerMapping : Mapped to account.presentation.DemoController#register(SignUpRequest)
?[0m?[0;34m2023-10-18 13:46:05.224 DEBUG 11668 --- [io-28852-exec-7] o.s.web.servlet.DispatcherServlet        : POST "/api/auth/signup", parameters={}
?[0m?[0;34m2023-10-18 13:46:05.225 DEBUG 11668 --- [io-28852-exec-7] s.w.s.m.m.a.RequestMappingHandlerMapping : Mapped to account.presentation.DemoController#register(SignUpRequest)
?[0m?[0;34m2023-10-18 13:46:05.226 DEBUG 11668 --- [io-28852-exec-7] m.m.a.RequestResponseBodyMethodProcessor : Read "application/json;charset=UTF-8" to [SignUpRequest(name=John, lastname=Doe, email=JohnDoe@acme.com, password=PasswordForJuly, roles=null)]
?[0m?[0;34msignUpRequest = SignUpRequest(name=John, lastname=Doe, email=JohnDoe@acme.com, password=PasswordForJuly, roles=null)
?[0m?[0;34m
?[0m?[0;34min /register 
?[0m?[0;34m
?[0m?[0;34mHibernate: select appuser0_.id as id1_0_, appuser0_.email as email2_0_, appuser0_.lastname as lastname3_0_, appuser0_.name as name4_0_, appuser0_.password as password5_0_ from app_user appuser0_
?[0m?[0;34m2023-10-18 13:46:05.229 DEBUG 11668 --- [io-28852-exec-7] .w.s.m.a.ResponseStatusExceptionResolver : Resolved [account.businesslayer.BreachedPasswordException]
?[0m?[0;34m2023-10-18 13:46:05.230 DEBUG 11668 --- [io-28852-exec-7] o.s.web.servlet.DispatcherServlet        : Completed 400 BAD_REQUEST
?[0m?[0;34m2023-10-18 13:46:05.259 DEBUG 11668 --- [io-28852-exec-7] o.s.web.servlet.DispatcherServlet        : "ERROR" dispatch for POST "/error", parameters={}
?[0m?[0;34m2023-10-18 13:46:05.260 DEBUG 11668 --- [io-28852-exec-7] s.w.s.m.m.a.RequestMappingHandlerMapping : Mapped to org.springframework.boot.autoconfigure.web.servlet.error.BasicErrorController#error(HttpServletRequest)
?[0m?[0;34m2023-10-18 13:46:05.262 DEBUG 11668 --- [io-28852-exec-7] o.s.w.s.m.m.a.HttpEntityMethodProcessor  : Using 'application/json', given [*/*] and supported [application/json, application/*+json, application/json, application/*+json]
?[0m?[0;34m2023-10-18 13:46:05.263 DEBUG 11668 --- [io-28852-exec-7] o.s.w.s.m.m.a.HttpEntityMethodProcessor  : Writing [{timestamp=Wed Oct 18 13:46:05 UZT 2023, status=400, error=Bad Request, message=The password is in t (truncated)...]
?[0m?[0;34m2023-10-18 13:46:05.269 DEBUG 11668 --- [io-28852-exec-7] o.s.web.servlet.DispatcherServlet        : Exiting from "ERROR" dispatch, status 400
?[0m?[0;34m2023-10-18 13:46:05.321 DEBUG 11668 --- [io-28852-exec-7] s.w.s.m.m.a.RequestMappingHandlerMapping : Mapped to account.presentation.DemoController#register(SignUpRequest)
?[0m?[0;34m2023-10-18 13:46:05.323 DEBUG 11668 --- [io-28852-exec-7] s.w.s.m.m.a.RequestMappingHandlerMapping : Mapped to account.presentation.DemoController#register(SignUpRequest)
?[0m?[0;34m2023-10-18 13:46:05.324 DEBUG 11668 --- [io-28852-exec-7] o.s.web.servlet.DispatcherServlet        : POST "/api/auth/signup", parameters={}
?[0m?[0;34m2023-10-18 13:46:05.328 DEBUG 11668 --- [io-28852-exec-7] s.w.s.m.m.a.RequestMappingHandlerMapping : Mapped to account.presentation.DemoController#register(SignUpRequest)
?[0m?[0;34m2023-10-18 13:46:05.330 DEBUG 11668 --- [io-28852-exec-7] m.m.a.RequestResponseBodyMethodProcessor : Read "application/json;charset=UTF-8" to [SignUpRequest(name=John, lastname=Doe, email=JohnDoe@acme.com, password=PasswordForAugust, roles=nul (truncated)...]
?[0m?[0;34msignUpRequest = SignUpRequest(name=John, lastname=Doe, email=JohnDoe@acme.com, password=PasswordForAugust, roles=null)
?[0m?[0;34m
?[0m?[0;34min /register 
?[0m?[0;34m
?[0m?[0;34mHibernate: select appuser0_.id as id1_0_, appuser0_.email as email2_0_, appuser0_.lastname as lastname3_0_, appuser0_.name as name4_0_, appuser0_.password as password5_0_ from app_user appuser0_
?[0m?[0;34m2023-10-18 13:46:05.357 DEBUG 11668 --- [io-28852-exec-7] .w.s.m.a.ResponseStatusExceptionResolver : Resolved [account.businesslayer.BreachedPasswordException]
?[0m?[0;34m2023-10-18 13:46:05.364 DEBUG 11668 --- [io-28852-exec-7] o.s.web.servlet.DispatcherServlet        : Completed 400 BAD_REQUEST
?[0m?[0;34m2023-10-18 13:46:05.365 DEBUG 11668 --- [io-28852-exec-7] o.s.web.servlet.DispatcherServlet        : "ERROR" dispatch for POST "/error", parameters={}
?[0m?[0;34m2023-10-18 13:46:05.369 DEBUG 11668 --- [io-28852-exec-7] s.w.s.m.m.a.RequestMappingHandlerMapping : Mapped to org.springframework.boot.autoconfigure.web.servlet.error.BasicErrorController#error(HttpServletRequest)
?[0m?[0;34m2023-10-18 13:46:05.370 DEBUG 11668 --- [io-28852-exec-7] o.s.w.s.m.m.a.HttpEntityMethodProcessor  : Using 'application/json', given [*/*] and supported [application/json, application/*+json, application/json, application/*+json]
?[0m?[0;34m2023-10-18 13:46:05.371 DEBUG 11668 --- [io-28852-exec-7] o.s.w.s.m.m.a.HttpEntityMethodProcessor  : Writing [{timestamp=Wed Oct 18 13:46:05 UZT 2023, status=400, error=Bad Request, message=The password is in t (truncated)...]
?[0m?[0;34m2023-10-18 13:46:05.372 DEBUG 11668 --- [io-28852-exec-7] o.s.web.servlet.DispatcherServlet        : Exiting from "ERROR" dispatch, status 400
?[0m?[0;34m2023-10-18 13:46:05.393 DEBUG 11668 --- [io-28852-exec-9] s.w.s.m.m.a.RequestMappingHandlerMapping : Mapped to account.presentation.DemoController#register(SignUpRequest)
?[0m?[0;34m2023-10-18 13:46:05.394 DEBUG 11668 --- [io-28852-exec-9] s.w.s.m.m.a.RequestMappingHandlerMapping : Mapped to account.presentation.DemoController#register(SignUpRequest)
?[0m?[0;34m2023-10-18 13:46:05.395 DEBUG 11668 --- [io-28852-exec-9] o.s.web.servlet.DispatcherServlet        : POST "/api/auth/signup", parameters={}
?[0m?[0;34m2023-10-18 13:46:05.397 DEBUG 11668 --- [io-28852-exec-9] s.w.s.m.m.a.RequestMappingHandlerMapping : Mapped to account.presentation.DemoController#register(SignUpRequest)
?[0m?[0;34m2023-10-18 13:46:05.399 DEBUG 11668 --- [io-28852-exec-9] m.m.a.RequestResponseBodyMethodProcessor : Read "application/json;charset=UTF-8" to [SignUpRequest(name=John, lastname=Doe, email=JohnDoe@acme.com, password=PasswordForSeptember, roles= (truncated)...]
?[0m?[0;34msignUpRequest = SignUpRequest(name=John, lastname=Doe, email=JohnDoe@acme.com, password=PasswordForSeptember, roles=null)
?[0m?[0;34m
?[0m?[0;34min /register 
?[0m?[0;34m
?[0m?[0;34mHibernate: select appuser0_.id as id1_0_, appuser0_.email as email2_0_, appuser0_.lastname as lastname3_0_, appuser0_.name as name4_0_, appuser0_.password as password5_0_ from app_user appuser0_
?[0m?[0;34m2023-10-18 13:46:05.403 DEBUG 11668 --- [io-28852-exec-9] .w.s.m.a.ResponseStatusExceptionResolver : Resolved [account.businesslayer.BreachedPasswordException]
?[0m?[0;34m2023-10-18 13:46:05.404 DEBUG 11668 --- [io-28852-exec-9] o.s.web.servlet.DispatcherServlet        : Completed 400 BAD_REQUEST
?[0m?[0;34m2023-10-18 13:46:05.405 DEBUG 11668 --- [io-28852-exec-9] o.s.web.servlet.DispatcherServlet        : "ERROR" dispatch for POST "/error", parameters={}
?[0m?[0;34m2023-10-18 13:46:05.405 DEBUG 11668 --- [io-28852-exec-9] s.w.s.m.m.a.RequestMappingHandlerMapping : Mapped to org.springframework.boot.autoconfigure.web.servlet.error.BasicErrorController#error(HttpServletRequest)
?[0m?[0;34m2023-10-18 13:46:05.407 DEBUG 11668 --- [io-28852-exec-9] o.s.w.s.m.m.a.HttpEntityMethodProcessor  : Using 'application/json', given [*/*] and supported [application/json, application/*+json, application/json, application/*+json]
?[0m?[0;34m2023-10-18 13:46:05.408 DEBUG 11668 --- [io-28852-exec-9] o.s.w.s.m.m.a.HttpEntityMethodProcessor  : Writing [{timestamp=Wed Oct 18 13:46:05 UZT 2023, status=400, error=Bad Request, message=The password is in t (truncated)...]
?[0m?[0;34m2023-10-18 13:46:05.409 DEBUG 11668 --- [io-28852-exec-9] o.s.web.servlet.DispatcherServlet        : Exiting from "ERROR" dispatch, status 400
?[0m?[0;34m2023-10-18 13:46:05.423 DEBUG 11668 --- [o-28852-exec-10] s.w.s.m.m.a.RequestMappingHandlerMapping : Mapped to account.presentation.DemoController#register(SignUpRequest)
?[0m?[0;34m2023-10-18 13:46:05.424 DEBUG 11668 --- [o-28852-exec-10] s.w.s.m.m.a.RequestMappingHandlerMapping : Mapped to account.presentation.DemoController#register(SignUpRequest)
?[0m?[0;34m2023-10-18 13:46:05.425 DEBUG 11668 --- [o-28852-exec-10] o.s.web.servlet.DispatcherServlet        : POST "/api/auth/signup", parameters={}
?[0m?[0;34m2023-10-18 13:46:05.427 DEBUG 11668 --- [o-28852-exec-10] s.w.s.m.m.a.RequestMappingHandlerMapping : Mapped to account.presentation.DemoController#register(SignUpRequest)
?[0m?[0;34m2023-10-18 13:46:05.429 DEBUG 11668 --- [o-28852-exec-10] m.m.a.RequestResponseBodyMethodProcessor : Read "application/json;charset=UTF-8" to [SignUpRequest(name=John, lastname=Doe, email=JohnDoe@acme.com, password=PasswordForOctober, roles=nu (truncated)...]
?[0m?[0;34msignUpRequest = SignUpRequest(name=John, lastname=Doe, email=JohnDoe@acme.com, password=PasswordForOctober, roles=null)
?[0m?[0;34m
?[0m?[0;34min /register 
?[0m?[0;34m
?[0m?[0;34mHibernate: select appuser0_.id as id1_0_, appuser0_.email as email2_0_, appuser0_.lastname as lastname3_0_, appuser0_.name as name4_0_, appuser0_.password as password5_0_ from app_user appuser0_
?[0m?[0;34m2023-10-18 13:46:05.437 DEBUG 11668 --- [o-28852-exec-10] .w.s.m.a.ResponseStatusExceptionResolver : Resolved [account.businesslayer.BreachedPasswordException]
?[0m?[0;34m2023-10-18 13:46:05.442 DEBUG 11668 --- [o-28852-exec-10] o.s.web.servlet.DispatcherServlet        : Completed 400 BAD_REQUEST
?[0m?[0;34m2023-10-18 13:46:05.447 DEBUG 11668 --- [o-28852-exec-10] o.s.web.servlet.DispatcherServlet        : "ERROR" dispatch for POST "/error", parameters={}
?[0m?[0;34m2023-10-18 13:46:05.449 DEBUG 11668 --- [o-28852-exec-10] s.w.s.m.m.a.RequestMappingHandlerMapping : Mapped to org.springframework.boot.autoconfigure.web.servlet.error.BasicErrorController#error(HttpServletRequest)
?[0m?[0;34m2023-10-18 13:46:05.450 DEBUG 11668 --- [o-28852-exec-10] o.s.w.s.m.m.a.HttpEntityMethodProcessor  : Using 'application/json', given [*/*] and supported [application/json, application/*+json, application/json, application/*+json]
?[0m?[0;34m2023-10-18 13:46:05.454 DEBUG 11668 --- [o-28852-exec-10] o.s.w.s.m.m.a.HttpEntityMethodProcessor  : Writing [{timestamp=Wed Oct 18 13:46:05 UZT 2023, status=400, error=Bad Request, message=The password is in t (truncated)...]
?[0m?[0;34m2023-10-18 13:46:05.458 DEBUG 11668 --- [o-28852-exec-10] o.s.web.servlet.DispatcherServlet        : Exiting from "ERROR" dispatch, status 400
?[0m?[0;34m2023-10-18 13:46:05.467 DEBUG 11668 --- [io-28852-exec-1] s.w.s.m.m.a.RequestMappingHandlerMapping : Mapped to account.presentation.DemoController#register(SignUpRequest)
?[0m?[0;34m2023-10-18 13:46:05.468 DEBUG 11668 --- [io-28852-exec-1] s.w.s.m.m.a.RequestMappingHandlerMapping : Mapped to account.presentation.DemoController#register(SignUpRequest)
?[0m?[0;34m2023-10-18 13:46:05.478 DEBUG 11668 --- [io-28852-exec-1] o.s.web.servlet.DispatcherServlet        : POST "/api/auth/signup", parameters={}
?[0m?[0;34m2023-10-18 13:46:05.482 DEBUG 11668 --- [io-28852-exec-1] s.w.s.m.m.a.RequestMappingHandlerMapping : Mapped to account.presentation.DemoController#register(SignUpRequest)
?[0m?[0;34m2023-10-18 13:46:05.487 DEBUG 11668 --- [io-28852-exec-1] m.m.a.RequestResponseBodyMethodProcessor : Read "application/json;charset=UTF-8" to [SignUpRequest(name=John, lastname=Doe, email=JohnDoe@acme.com, password=PasswordForNovember, roles=n (truncated)...]
?[0m?[0;34msignUpRequest = SignUpRequest(name=John, lastname=Doe, email=JohnDoe@acme.com, password=PasswordForNovember, roles=null)
?[0m?[0;34m
?[0m?[0;34min /register 
?[0m?[0;34m
?[0m?[0;34mHibernate: select appuser0_.id as id1_0_, appuser0_.email as email2_0_, appuser0_.lastname as lastname3_0_, appuser0_.name as name4_0_, appuser0_.password as password5_0_ from app_user appuser0_
?[0m?[0;34m2023-10-18 13:46:05.490 DEBUG 11668 --- [io-28852-exec-1] .w.s.m.a.ResponseStatusExceptionResolver : Resolved [account.businesslayer.BreachedPasswordException]
?[0m?[0;34m2023-10-18 13:46:05.491 DEBUG 11668 --- [io-28852-exec-1] o.s.web.servlet.DispatcherServlet        : Completed 400 BAD_REQUEST
?[0m?[0;34m2023-10-18 13:46:05.492 DEBUG 11668 --- [io-28852-exec-1] o.s.web.servlet.DispatcherServlet        : "ERROR" dispatch for POST "/error", parameters={}
?[0m?[0;34m2023-10-18 13:46:05.493 DEBUG 11668 --- [io-28852-exec-1] s.w.s.m.m.a.RequestMappingHandlerMapping : Mapped to org.springframework.boot.autoconfigure.web.servlet.error.BasicErrorController#error(HttpServletRequest)
?[0m?[0;34m2023-10-18 13:46:05.495 DEBUG 11668 --- [io-28852-exec-1] o.s.w.s.m.m.a.HttpEntityMethodProcessor  : Using 'application/json', given [*/*] and supported [application/json, application/*+json, application/json, application/*+json]
?[0m?[0;34m2023-10-18 13:46:05.495 DEBUG 11668 --- [io-28852-exec-1] o.s.w.s.m.m.a.HttpEntityMethodProcessor  : Writing [{timestamp=Wed Oct 18 13:46:05 UZT 2023, status=400, error=Bad Request, message=The password is in t (truncated)...]
?[0m?[0;34m2023-10-18 13:46:05.497 DEBUG 11668 --- [io-28852-exec-1] o.s.web.servlet.DispatcherServlet        : Exiting from "ERROR" dispatch, status 400
?[0m?[0;34m2023-10-18 13:46:05.520 DEBUG 11668 --- [io-28852-exec-2] s.w.s.m.m.a.RequestMappingHandlerMapping : Mapped to account.presentation.DemoController#register(SignUpRequest)
?[0m?[0;34m2023-10-18 13:46:05.521 DEBUG 11668 --- [io-28852-exec-2] s.w.s.m.m.a.RequestMappingHandlerMapping : Mapped to account.presentation.DemoController#register(SignUpRequest)
?[0m?[0;34m2023-10-18 13:46:05.521 DEBUG 11668 --- [io-28852-exec-2] o.s.web.servlet.DispatcherServlet        : POST "/api/auth/signup", parameters={}
?[0m?[0;34m2023-10-18 13:46:05.522 DEBUG 11668 --- [io-28852-exec-2] s.w.s.m.m.a.RequestMappingHandlerMapping : Mapped to account.presentation.DemoController#register(SignUpRequest)
?[0m?[0;34m2023-10-18 13:46:05.524 DEBUG 11668 --- [io-28852-exec-2] m.m.a.RequestResponseBodyMethodProcessor : Read "application/json;charset=UTF-8" to [SignUpRequest(name=John, lastname=Doe, email=JohnDoe@acme.com, password=PasswordForDecember, roles=n (truncated)...]
?[0m?[0;34msignUpRequest = SignUpRequest(name=John, lastname=Doe, email=JohnDoe@acme.com, password=PasswordForDecember, roles=null)
?[0m?[0;34m
?[0m?[0;34min /register 
?[0m?[0;34m
?[0m?[0;34mHibernate: select appuser0_.id as id1_0_, appuser0_.email as email2_0_, appuser0_.lastname as lastname3_0_, appuser0_.name as name4_0_, appuser0_.password as password5_0_ from app_user appuser0_
?[0m?[0;34m2023-10-18 13:46:05.527 DEBUG 11668 --- [io-28852-exec-2] .w.s.m.a.ResponseStatusExceptionResolver : Resolved [account.businesslayer.BreachedPasswordException]
?[0m?[0;34m2023-10-18 13:46:05.528 DEBUG 11668 --- [io-28852-exec-2] o.s.web.servlet.DispatcherServlet        : Completed 400 BAD_REQUEST
?[0m?[0;34m2023-10-18 13:46:05.529 DEBUG 11668 --- [io-28852-exec-2] o.s.web.servlet.DispatcherServlet        : "ERROR" dispatch for POST "/error", parameters={}
?[0m?[0;34m2023-10-18 13:46:05.530 DEBUG 11668 --- [io-28852-exec-2] s.w.s.m.m.a.RequestMappingHandlerMapping : Mapped to org.springframework.boot.autoconfigure.web.servlet.error.BasicErrorController#error(HttpServletRequest)
?[0m?[0;34m2023-10-18 13:46:05.541 DEBUG 11668 --- [io-28852-exec-2] o.s.w.s.m.m.a.HttpEntityMethodProcessor  : Using 'application/json', given [*/*] and supported [application/json, application/*+json, application/json, application/*+json]
?[0m?[0;34m2023-10-18 13:46:05.541 DEBUG 11668 --- [io-28852-exec-2] o.s.w.s.m.m.a.HttpEntityMethodProcessor  : Writing [{timestamp=Wed Oct 18 13:46:05 UZT 2023, status=400, error=Bad Request, message=The password is in t (truncated)...]
?[0m?[0;34m2023-10-18 13:46:05.543 DEBUG 11668 --- [io-28852-exec-2] o.s.web.servlet.DispatcherServlet        : Exiting from "ERROR" dispatch, status 400
?[1;31m
Start test 12?[0m
?[0m?[0;34m2023-10-18 13:46:05.555 DEBUG 11668 --- [io-28852-exec-3] s.w.s.m.m.a.RequestMappingHandlerMapping : Mapped to account.presentation.DemoController#register(SignUpRequest)
?[0m?[0;34m2023-10-18 13:46:05.556 DEBUG 11668 --- [io-28852-exec-3] s.w.s.m.m.a.RequestMappingHandlerMapping : Mapped to account.presentation.DemoController#register(SignUpRequest)
?[0m?[0;34m2023-10-18 13:46:05.557 DEBUG 11668 --- [io-28852-exec-3] o.s.web.servlet.DispatcherServlet        : POST "/api/auth/signup", parameters={}
?[0m?[0;34m2023-10-18 13:46:05.559 DEBUG 11668 --- [io-28852-exec-3] s.w.s.m.m.a.RequestMappingHandlerMapping : Mapped to account.presentation.DemoController#register(SignUpRequest)
?[0m?[0;34m2023-10-18 13:46:05.565 DEBUG 11668 --- [io-28852-exec-3] m.m.a.RequestResponseBodyMethodProcessor : Read "application/json;charset=UTF-8" to [SignUpRequest(name=John, lastname=Doe, email=JohnDoe@acme.com, password=oMoa3VvqnLxW, roles=null)]
?[0m?[0;34msignUpRequest = SignUpRequest(name=John, lastname=Doe, email=JohnDoe@acme.com, password=oMoa3VvqnLxW, roles=null)
?[0m?[0;34m
?[0m?[0;34min /register 
?[0m?[0;34m
?[0m?[0;34mHibernate: select appuser0_.id as id1_0_, appuser0_.email as email2_0_, appuser0_.lastname as lastname3_0_, appuser0_.name as name4_0_, appuser0_.password as password5_0_ from app_user appuser0_
?[0m?[0;34mrequest.roles = null
?[0m?[0;34muser.id = null
?[0m?[0;34mHibernate: call next value for hibernate_sequence
?[0m?[0;34mHibernate: insert into app_user (email, lastname, name, password, id) values (?, ?, ?, ?, ?)
?[0m?[0;34mHibernate: insert into app_user_roles (app_user_id, roles) values (?, ?)
?[0m?[0;34mHibernate: delete from app_user_roles where app_user_id=?
?[0m?[0;34mHibernate: insert into app_user_roles (app_user_id, roles) values (?, ?)
?[0m?[0;34m2023-10-18 13:46:06.591 DEBUG 11668 --- [io-28852-exec-3] o.s.w.s.m.m.a.HttpEntityMethodProcessor  : Using 'application/json', given [*/*] and supported [application/json, application/*+json, application/json, application/*+json]
?[0m?[0;34m2023-10-18 13:46:06.599 DEBUG 11668 --- [io-28852-exec-3] o.s.w.s.m.m.a.HttpEntityMethodProcessor  : Writing [SignUpResponse(id=1, name=John, lastname=Doe, email=johndoe@acme.com, roles=[ROLE_ADMINISTRATOR])]
?[0m?[0;34m2023-10-18 13:46:06.614 DEBUG 11668 --- [io-28852-exec-3] o.s.web.servlet.DispatcherServlet        : Completed 200 OK
?[1;31m
Start test 13?[0m
?[0m?[0;34m2023-10-18 13:46:06.630 DEBUG 11668 --- [io-28852-exec-4] s.w.s.m.m.a.RequestMappingHandlerMapping : Mapped to account.presentation.DemoController#register(SignUpRequest)
?[0m?[0;34m2023-10-18 13:46:06.639 DEBUG 11668 --- [io-28852-exec-4] s.w.s.m.m.a.RequestMappingHandlerMapping : Mapped to account.presentation.DemoController#register(SignUpRequest)
?[0m?[0;34m2023-10-18 13:46:06.640 DEBUG 11668 --- [io-28852-exec-4] o.s.web.servlet.DispatcherServlet        : POST "/api/auth/signup", parameters={}
?[0m?[0;34m2023-10-18 13:46:06.640 DEBUG 11668 --- [io-28852-exec-4] s.w.s.m.m.a.RequestMappingHandlerMapping : Mapped to account.presentation.DemoController#register(SignUpRequest)
?[0m?[0;34m2023-10-18 13:46:06.642 DEBUG 11668 --- [io-28852-exec-4] m.m.a.RequestResponseBodyMethodProcessor : Read "application/json;charset=UTF-8" to [SignUpRequest(name=Max, lastname=Mustermann, email=maxmustermann@acme.com, password=ai0y9bMvyF6G, ro (truncated)...]
?[0m?[0;34msignUpRequest = SignUpRequest(name=Max, lastname=Mustermann, email=maxmustermann@acme.com, password=ai0y9bMvyF6G, roles=null)
?[0m?[0;34m
?[0m?[0;34min /register 
?[0m?[0;34m
?[0m?[0;34mHibernate: select appuser0_.id as id1_0_, appuser0_.email as email2_0_, appuser0_.lastname as lastname3_0_, appuser0_.name as name4_0_, appuser0_.password as password5_0_ from app_user appuser0_
?[0m?[0;34mHibernate: select roles0_.app_user_id as app_user1_1_0_, roles0_.roles as roles2_1_0_ from app_user_roles roles0_ where roles0_.app_user_id=?
?[0m?[0;34mrequest.roles = null
?[0m?[0;34muser.id = null
?[0m?[0;34mHibernate: call next value for hibernate_sequence
?[0m?[0;34mHibernate: insert into app_user (email, lastname, name, password, id) values (?, ?, ?, ?, ?)
?[0m?[0;34mHibernate: insert into app_user_roles (app_user_id, roles) values (?, ?)
?[0m?[0;34m2023-10-18 13:46:07.498 DEBUG 11668 --- [io-28852-exec-4] o.s.w.s.m.m.a.HttpEntityMethodProcessor  : Using 'application/json', given [*/*] and supported [application/json, application/*+json, application/json, application/*+json]
?[0m?[0;34m2023-10-18 13:46:07.498 DEBUG 11668 --- [io-28852-exec-4] o.s.w.s.m.m.a.HttpEntityMethodProcessor  : Writing [SignUpResponse(id=2, name=Max, lastname=Mustermann, email=maxmustermann@acme.com, roles=[ROLE_USER])]
?[0m?[0;34m2023-10-18 13:46:07.499 DEBUG 11668 --- [io-28852-exec-4] o.s.web.servlet.DispatcherServlet        : Completed 200 OK
?[1;31m
Start test 14?[0m
?[0m?[0;34m2023-10-18 13:46:07.506 DEBUG 11668 --- [io-28852-exec-5] s.w.s.m.m.a.RequestMappingHandlerMapping : Mapped to account.presentation.DemoController#register(SignUpRequest)
?[0m?[0;34m2023-10-18 13:46:07.507 DEBUG 11668 --- [io-28852-exec-5] s.w.s.m.m.a.RequestMappingHandlerMapping : Mapped to account.presentation.DemoController#register(SignUpRequest)
?[0m?[0;34m2023-10-18 13:46:07.507 DEBUG 11668 --- [io-28852-exec-5] o.s.web.servlet.DispatcherServlet        : POST "/api/auth/signup", parameters={}
?[0m?[0;34m2023-10-18 13:46:07.508 DEBUG 11668 --- [io-28852-exec-5] s.w.s.m.m.a.RequestMappingHandlerMapping : Mapped to account.presentation.DemoController#register(SignUpRequest)
?[0m?[0;34m2023-10-18 13:46:07.509 DEBUG 11668 --- [io-28852-exec-5] m.m.a.RequestResponseBodyMethodProcessor : Read "application/json;charset=UTF-8" to [SignUpRequest(name=Ivan, lastname=Ivanov, email=IvanIvanov@acme.com, password=rXoa4CvqpLxW, roles=nu (truncated)...]
?[0m?[0;34msignUpRequest = SignUpRequest(name=Ivan, lastname=Ivanov, email=IvanIvanov@acme.com, password=rXoa4CvqpLxW, roles=null)
?[0m?[0;34m
?[0m?[0;34min /register 
?[0m?[0;34m
?[0m?[0;34mHibernate: select appuser0_.id as id1_0_, appuser0_.email as email2_0_, appuser0_.lastname as lastname3_0_, appuser0_.name as name4_0_, appuser0_.password as password5_0_ from app_user appuser0_
?[0m?[0;34mHibernate: select roles0_.app_user_id as app_user1_1_0_, roles0_.roles as roles2_1_0_ from app_user_roles roles0_ where roles0_.app_user_id=?
?[0m?[0;34mHibernate: select roles0_.app_user_id as app_user1_1_0_, roles0_.roles as roles2_1_0_ from app_user_roles roles0_ where roles0_.app_user_id=?
?[0m?[0;34mrequest.roles = null
?[0m?[0;34muser.id = null
?[0m?[0;34mHibernate: call next value for hibernate_sequence
?[0m?[0;34mHibernate: insert into app_user (email, lastname, name, password, id) values (?, ?, ?, ?, ?)
?[0m?[0;34mHibernate: insert into app_user_roles (app_user_id, roles) values (?, ?)
?[0m?[0;34m2023-10-18 13:46:08.223 DEBUG 11668 --- [io-28852-exec-5] o.s.w.s.m.m.a.HttpEntityMethodProcessor  : Using 'application/json', given [*/*] and supported [application/json, application/*+json, application/json, application/*+json]
?[0m?[0;34m2023-10-18 13:46:08.223 DEBUG 11668 --- [io-28852-exec-5] o.s.w.s.m.m.a.HttpEntityMethodProcessor  : Writing [SignUpResponse(id=3, name=Ivan, lastname=Ivanov, email=ivanivanov@acme.com, roles=[ROLE_USER])]
?[0m?[0;34m2023-10-18 13:46:08.224 DEBUG 11668 --- [io-28852-exec-5] o.s.web.servlet.DispatcherServlet        : Completed 200 OK
?[1;31m
Start test 15?[0m
?[0m?[0;34m2023-10-18 13:46:08.233 DEBUG 11668 --- [io-28852-exec-6] s.w.s.m.m.a.RequestMappingHandlerMapping : Mapped to account.presentation.DemoController#register(SignUpRequest)
?[0m?[0;34m2023-10-18 13:46:08.236 DEBUG 11668 --- [io-28852-exec-6] s.w.s.m.m.a.RequestMappingHandlerMapping : Mapped to account.presentation.DemoController#register(SignUpRequest)
?[0m?[0;34m2023-10-18 13:46:08.237 DEBUG 11668 --- [io-28852-exec-6] o.s.web.servlet.DispatcherServlet        : POST "/api/auth/signup", parameters={}
?[0m?[0;34m2023-10-18 13:46:08.237 DEBUG 11668 --- [io-28852-exec-6] s.w.s.m.m.a.RequestMappingHandlerMapping : Mapped to account.presentation.DemoController#register(SignUpRequest)
?[0m?[0;34m2023-10-18 13:46:08.238 DEBUG 11668 --- [io-28852-exec-6] m.m.a.RequestResponseBodyMethodProcessor : Read "application/json;charset=UTF-8" to [SignUpRequest(name=Petr, lastname=Petrov, email=PetrPetrov@acme.com, password=nWza98hjkLPE, roles=nu (truncated)...]
?[0m?[0;34msignUpRequest = SignUpRequest(name=Petr, lastname=Petrov, email=PetrPetrov@acme.com, password=nWza98hjkLPE, roles=null)
?[0m?[0;34m
?[0m?[0;34min /register 
?[0m?[0;34m
?[0m?[0;34mHibernate: select appuser0_.id as id1_0_, appuser0_.email as email2_0_, appuser0_.lastname as lastname3_0_, appuser0_.name as name4_0_, appuser0_.password as password5_0_ from app_user appuser0_
?[0m?[0;34mHibernate: select roles0_.app_user_id as app_user1_1_0_, roles0_.roles as roles2_1_0_ from app_user_roles roles0_ where roles0_.app_user_id=?
?[0m?[0;34mHibernate: select roles0_.app_user_id as app_user1_1_0_, roles0_.roles as roles2_1_0_ from app_user_roles roles0_ where roles0_.app_user_id=?
?[0m?[0;34mHibernate: select roles0_.app_user_id as app_user1_1_0_, roles0_.roles as roles2_1_0_ from app_user_roles roles0_ where roles0_.app_user_id=?
?[0m?[0;34mrequest.roles = null
?[0m?[0;34muser.id = null
?[0m?[0;34mHibernate: call next value for hibernate_sequence
?[0m?[0;34mHibernate: insert into app_user (email, lastname, name, password, id) values (?, ?, ?, ?, ?)
?[0m?[0;34mHibernate: insert into app_user_roles (app_user_id, roles) values (?, ?)
?[0m?[0;34m2023-10-18 13:46:08.975 DEBUG 11668 --- [io-28852-exec-6] o.s.w.s.m.m.a.HttpEntityMethodProcessor  : Using 'application/json', given [*/*] and supported [application/json, application/*+json, application/json, application/*+json]
[...]
?[0m?[0;34m2023-10-18 13:46:42.111 DEBUG 11668 --- [io-28852-exec-9] s.w.s.m.m.a.RequestMappingHandlerMapping : Mapped to account.presentation.DemoController#changePassword(UserDetails, NewPasswordRequest)
?[0m?[0;34m2023-10-18 13:46:42.112 DEBUG 11668 --- [io-28852-exec-9] m.m.a.RequestResponseBodyMethodProcessor : Read "application/json;charset=UTF-8" to [NewPasswordRequest(newPassword=aNob5VvqzRtb)]
?[0m?[0;34mHibernate: select appuser0_.id as id1_0_, appuser0_.email as email2_0_, appuser0_.lastname as lastname3_0_, appuser0_.name as name4_0_, appuser0_.password as password5_0_ from app_user appuser0_ where appuser0_.email=?
?[0m?[0;34mHibernate: select roles0_.app_user_id as app_user1_1_0_, roles0_.roles as roles2_1_0_ from app_user_roles roles0_ where roles0_.app_user_id=?
?[0m?[0;34memail = johndoe@acme.com
?[0m?[0;34moldPassword = $2a$13$Tstv.OLgkkNv2HV5GtcZge9I7i6L5niAKSI2YqidxX5FwUKyqgytm, newPassword = aNob5VvqzRtb
?[0m?[0;34mpasswordEncoder.matches(newPassword, oldPassword) = false
?[0m?[0;34mHibernate: update app_user set email=?, lastname=?, name=?, password=? where id=?
?[0m?[0;34m2023-10-18 13:46:44.576 DEBUG 11668 --- [io-28852-exec-9] o.s.w.s.m.m.a.HttpEntityMethodProcessor  : Using 'application/json', given [*/*] and supported [application/json, application/*+json, application/json, application/*+json]
?[0m?[0;34m2023-10-18 13:46:44.579 DEBUG 11668 --- [io-28852-exec-9] o.s.w.s.m.m.a.HttpEntityMethodProcessor  : Writing [NewPasswordResponse(email=johndoe@acme.com, status=The password has been updated successfully)]
?[0m?[0;34m2023-10-18 13:46:44.589 DEBUG 11668 --- [io-28852-exec-9] o.s.web.servlet.DispatcherServlet        : Completed 200 OK
?[1;31m
Start test 30?[0m
?[0m?[0;34mHibernate: select appuser0_.id as id1_0_, appuser0_.email as email2_0_, appuser0_.lastname as lastname3_0_, appuser0_.name as name4_0_, appuser0_.password as password5_0_ from app_user appuser0_ where appuser0_.email=?
?[0m?[0;34mHibernate: select roles0_.app_user_id as app_user1_1_0_, roles0_.roles as roles2_1_0_ from app_user_roles roles0_ where roles0_.app_user_id=?
?[0m?[0;34m2023-10-18 13:46:45.378 DEBUG 11668 --- [o-28852-exec-10] o.s.web.servlet.DispatcherServlet        : "ERROR" dispatch for GET "/error", parameters={}
?[0m?[0;34m2023-10-18 13:46:45.379 DEBUG 11668 --- [o-28852-exec-10] s.w.s.m.m.a.RequestMappingHandlerMapping : Mapped to org.springframework.boot.autoconfigure.web.servlet.error.BasicErrorController#error(HttpServletRequest)
?[0m?[0;34m2023-10-18 13:46:45.380 DEBUG 11668 --- [o-28852-exec-10] o.s.w.s.m.m.a.HttpEntityMethodProcessor  : Using 'application/json', given [*/*] and supported [application/json, application/*+json, application/json, application/*+json]
?[0m?[0;34m2023-10-18 13:46:45.380 DEBUG 11668 --- [o-28852-exec-10] o.s.w.s.m.m.a.HttpEntityMethodProcessor  : Writing [{timestamp=Wed Oct 18 13:46:45 UZT 2023, status=401, error=Unauthorized, message=Unauthorized, path= (truncated)...]
?[0m?[0;34m2023-10-18 13:46:45.381 DEBUG 11668 --- [o-28852-exec-10] o.s.web.servlet.DispatcherServlet        : Exiting from "ERROR" dispatch, status 401
?[1;31m
Start test 31?[0m
?[0m?[0;34mHibernate: select appuser0_.id as id1_0_, appuser0_.email as email2_0_, appuser0_.lastname as lastname3_0_, appuser0_.name as name4_0_, appuser0_.password as password5_0_ from app_user appuser0_ where appuser0_.email=?
?[0m?[0;34mHibernate: select roles0_.app_user_id as app_user1_1_0_, roles0_.roles as roles2_1_0_ from app_user_roles roles0_ where roles0_.app_user_id=?
?[0m?[0;34m2023-10-18 13:46:46.189 DEBUG 11668 --- [io-28852-exec-1] s.w.s.m.m.a.RequestMappingHandlerMapping : Mapped to account.presentation.DemoController#getAllRoles()
?[0m?[0;34m2023-10-18 13:46:46.191 DEBUG 11668 --- [io-28852-exec-1] s.w.s.m.m.a.RequestMappingHandlerMapping : Mapped to account.presentation.DemoController#getAllRoles()
?[0m?[0;34m2023-10-18 13:46:46.192 DEBUG 11668 --- [io-28852-exec-1] o.s.web.servlet.DispatcherServlet        : GET "/api/admin/user/", parameters={}
?[0m?[0;34m2023-10-18 13:46:46.193 DEBUG 11668 --- [io-28852-exec-1] s.w.s.m.m.a.RequestMappingHandlerMapping : Mapped to account.presentation.DemoController#getAllRoles()
?[0m?[0;34m
?[0m?[0;34m@GetMapping("/api/admin/user/")
?[0m?[0;34mHibernate: select appuser0_.id as id1_0_, appuser0_.email as email2_0_, appuser0_.lastname as lastname3_0_, appuser0_.name as name4_0_, appuser0_.password as password5_0_ from app_user appuser0_
?[0m?[0;34mHibernate: select roles0_.app_user_id as app_user1_1_0_, roles0_.roles as roles2_1_0_ from app_user_roles roles0_ where roles0_.app_user_id=?
?[0m?[0;34mHibernate: select roles0_.app_user_id as app_user1_1_0_, roles0_.roles as roles2_1_0_ from app_user_roles roles0_ where roles0_.app_user_id=?
?[0m?[0;34mHibernate: select roles0_.app_user_id as app_user1_1_0_, roles0_.roles as roles2_1_0_ from app_user_roles roles0_ where roles0_.app_user_id=?
?[0m?[0;34mHibernate: select roles0_.app_user_id as app_user1_1_0_, roles0_.roles as roles2_1_0_ from app_user_roles roles0_ where roles0_.app_user_id=?
?[0m?[0;34m2023-10-18 13:46:46.209 DEBUG 11668 --- [io-28852-exec-1] o.s.w.s.m.m.a.HttpEntityMethodProcessor  : Using 'application/json', given [*/*] and supported [application/json, application/*+json, application/json, application/*+json]
?[0m?[0;34m2023-10-18 13:46:46.209 DEBUG 11668 --- [io-28852-exec-1] o.s.w.s.m.m.a.HttpEntityMethodProcessor  : Writing [[account.businesslayer.AppUser@508b5801, account.businesslayer.AppUser@2a40550e, account.businesslay (truncated)...]
?[0m?[0;34m2023-10-18 13:46:46.221 DEBUG 11668 --- [io-28852-exec-1] o.s.web.servlet.DispatcherServlet        : Completed 200 OK
?[1;31m
Start test 32?[0m
?[0m?[0;34m2023-10-18 13:46:46.230 DEBUG 11668 --- [io-28852-exec-2] o.s.web.servlet.DispatcherServlet        : POST "/actuator/shutdown", parameters={}
?[0m?[0;34m2023-10-18 13:46:46.237 DEBUG 11668 --- [io-28852-exec-2] m.m.a.RequestResponseBodyMethodProcessor : Read "application/json;charset=UTF-8" to []
?[0m?[0;34m2023-10-18 13:46:46.247 DEBUG 11668 --- [io-28852-exec-2] m.m.a.RequestResponseBodyMethodProcessor : Using 'application/vnd.spring-boot.actuator.v3+json', given [*/*] and supported [application/vnd.spring-boot.actuator.v3+json, application/vnd.spring-boot.actuator.v2+json, application/json]
?[0m?[0;34m2023-10-18 13:46:46.247 DEBUG 11668 --- [io-28852-exec-2] m.m.a.RequestResponseBodyMethodProcessor : Writing [{message=Shutting down, bye...}]
?[0m?[0;34m2023-10-18 13:46:46.250 DEBUG 11668 --- [io-28852-exec-2] o.s.web.servlet.DispatcherServlet        : Completed 200 OK
?[0;34m2023-10-18 13:46:46.811  INFO 11668 --- [       Thread-5] j.LocalContainerEntityManagerFactoryBean : Closing JPA EntityManagerFactory for persistence unit 'default'
?[0m?[0;34m2023-10-18 13:46:46.827  INFO 11668 --- [       Thread-5] com.zaxxer.hikari.HikariDataSource       : HikariPool-1 - Shutdown initiated...
?[0m?[0;34m2023-10-18 13:46:47.503  INFO 11668 --- [       Thread-5] com.zaxxer.hikari.HikariDataSource       : HikariPool-1 - Shutdown completed.
?[0;34mHmm
?[0m?[0;34m
?[0m?[0;34m  .   ____          _            __ _ _
?[0m?[0;34m /\\ / ___'_ __ _ _(_)_ __  __ _ \ \ \ \
?[0m?[0;34m( ( )\___ | '_ | '_| | '_ \/ _` | \ \ \ \
?[0m?[0;34m \\/  ___)| |_)| | | | | || (_| |  ) ) ) )
?[0m?[0;34m  '  |____| .__|_| |_|_| |_\__, | / / / /
?[0m?[0;34m =========|_|==============|___/=/_/_/_/
?[0m?[0;34m :: Spring Boot ::                (v2.5.6)
?[0m?[0;34m
?[0m?[0;34m2023-10-18 13:46:57.419  INFO 11668 --- [    Test worker] account.AccountServiceApplicationKt      : Starting AccountServiceApplicationKt using Java 17.0.5 on WIN-PK97IO7J39D with PID 11668 (started by User in D:\JetBrainsWork\Account Service (Kotlin)\Account Service (Kotlin)\task)
?[0m?[0;34m2023-10-18 13:46:57.424  INFO 11668 --- [    Test worker] account.AccountServiceApplicationKt      : No active profile set, falling back to default profiles: default
?[0m?[0;34m2023-10-18 13:46:58.557  INFO 11668 --- [    Test worker] .s.d.r.c.RepositoryConfigurationDelegate : Bootstrapping Spring Data JPA repositories in DEFAULT mode.
?[0m?[0;34m2023-10-18 13:46:58.593  INFO 11668 --- [    Test worker] .s.d.r.c.RepositoryConfigurationDelegate : Finished Spring Data repository scanning in 36 ms. Found 2 JPA repository interfaces.
?[0m?[0;34m2023-10-18 13:46:58.958  INFO 11668 --- [    Test worker] o.s.b.w.embedded.tomcat.TomcatWebServer  : Tomcat initialized with port(s): 28852 (http)
?[0m?[0;34m2023-10-18 13:46:58.960  INFO 11668 --- [    Test worker] o.apache.catalina.core.StandardService   : Starting service [Tomcat]
?[0m?[0;34m2023-10-18 13:46:58.961  INFO 11668 --- [    Test worker] org.apache.catalina.core.StandardEngine  : Starting Servlet engine: [Apache Tomcat/9.0.54]
?[0m?[0;34m2023-10-18 13:46:59.059  INFO 11668 --- [    Test worker] o.a.c.c.C.[Tomcat].[localhost].[/]       : Initializing Spring embedded WebApplicationContext
?[0m?[0;34m2023-10-18 13:46:59.059  INFO 11668 --- [    Test worker] w.s.c.ServletWebServerApplicationContext : Root WebApplicationContext: initialization completed in 1631 ms
?[0m?[0;34m2023-10-18 13:46:59.323  INFO 11668 --- [    Test worker] o.hibernate.jpa.internal.util.LogHelper  : HHH000204: Processing PersistenceUnitInfo [name: default]
?[0m?[0;34m2023-10-18 13:46:59.342  INFO 11668 --- [    Test worker] com.zaxxer.hikari.HikariDataSource       : HikariPool-2 - Starting...
?[0m?[0;34m2023-10-18 13:46:59.355  INFO 11668 --- [    Test worker] com.zaxxer.hikari.HikariDataSource       : HikariPool-2 - Start completed.
?[0m?[0;34m2023-10-18 13:46:59.356  INFO 11668 --- [    Test worker] org.hibernate.dialect.Dialect            : HHH000400: Using dialect: org.hibernate.dialect.H2Dialect
?[0m?[0;34mHibernate: alter table payment drop constraint if exists UKibcit9634j1r75yaouml3lo2p
?[0m?[0;34mHibernate: alter table payment add constraint UKibcit9634j1r75yaouml3lo2p unique (employee, period)
?[0m?[0;34m2023-10-18 13:47:00.052  INFO 11668 --- [    Test worker] o.h.e.t.j.p.i.JtaPlatformInitiator       : HHH000490: Using JtaPlatform implementation: [org.hibernate.engine.transaction.jta.platform.internal.NoJtaPlatform]
?[0m?[0;34m2023-10-18 13:47:00.052  INFO 11668 --- [    Test worker] j.LocalContainerEntityManagerFactoryBean : Initialized JPA EntityManagerFactory for persistence unit 'default'
?[0m?[0;34m2023-10-18 13:47:00.726  WARN 11668 --- [    Test worker] JpaBaseConfiguration$JpaWebConfiguration : spring.jpa.open-in-view is enabled by default. Therefore, database queries may be performed during view rendering. Explicitly configure spring.jpa.open-in-view to disable this warning
?[0m?[0;34m2023-10-18 13:47:00.791 DEBUG 11668 --- [    Test worker] s.w.s.m.m.a.RequestMappingHandlerMapping : 9 mappings in 'requestMappingHandlerMapping'
?[0m?[0;34m2023-10-18 13:47:00.886 DEBUG 11668 --- [    Test worker] o.s.w.s.handler.SimpleUrlHandlerMapping  : Patterns [/webjars/**, /**] in 'resourceHandlerMapping'
?[0m?[0;34m2023-10-18 13:47:01.097  INFO 11668 --- [    Test worker] o.s.b.a.e.web.EndpointLinksResolver      : Exposing 14 endpoint(s) beneath base path '/actuator'
?[0m?[0;34m2023-10-18 13:47:01.123  INFO 11668 --- [    Test worker] o.s.s.web.DefaultSecurityFilterChain     : Will secure any request with [org.springframework.security.web.context.request.async.WebAsyncManagerIntegrationFilter@65589d76, org.springframework.security.web.context.SecurityContextPersistenceFilter@3d1b91d1, org.springframework.security.web.header.HeaderWriterFilter@b7526a9, org.springframework.security.web.authentication.logout.LogoutFilter@130901fd, org.springframework.security.web.authentication.www.BasicAuthenticationFilter@659f5f32, org.springframework.security.web.savedrequest.RequestCacheAwareFilter@5304ac92, org.springframework.security.web.servletapi.SecurityContextHolderAwareRequestFilter@71669835, org.springframework.security.web.authentication.AnonymousAuthenticationFilter@7a213820, org.springframework.security.web.session.SessionManagementFilter@18f37d6e, org.springframework.security.web.access.ExceptionTranslationFilter@2a68932b, org.springframework.security.web.access.intercept.AuthorizationFilter@3e0575a2]
?[0m?[0;34m2023-10-18 13:47:01.170 DEBUG 11668 --- [    Test worker] s.w.s.m.m.a.RequestMappingHandlerAdapter : ControllerAdvice beans: 0 @ModelAttribute, 0 @InitBinder, 1 RequestBodyAdvice, 1 ResponseBodyAdvice
?[0m?[0;34m2023-10-18 13:47:01.192 DEBUG 11668 --- [    Test worker] .m.m.a.ExceptionHandlerExceptionResolver : ControllerAdvice beans: 0 @ExceptionHandler, 1 ResponseBodyAdvice
?[0m?[0;34m2023-10-18 13:47:01.443  INFO 11668 --- [    Test worker] o.s.b.w.embedded.tomcat.TomcatWebServer  : Tomcat started on port(s): 28852 (http) with context path ''
?[0m?[0;34m2023-10-18 13:47:01.470  INFO 11668 --- [    Test worker] account.AccountServiceApplicationKt      : Started AccountServiceApplicationKt in 4.148 seconds (JVM running for 80.742)
?[0m?[1;31m
Start test 33?[0m
?[0;34m2023-10-18 13:47:01.507  INFO 11668 --- [io-28852-exec-1] o.a.c.c.C.[Tomcat].[localhost].[/]       : Initializing Spring DispatcherServlet 'dispatcherServlet'
?[0m?[0;34m2023-10-18 13:47:01.508  INFO 11668 --- [io-28852-exec-1] o.s.web.servlet.DispatcherServlet        : Initializing Servlet 'dispatcherServlet'
?[0m?[0;34m2023-10-18 13:47:01.509 DEBUG 11668 --- [io-28852-exec-1] o.s.web.servlet.DispatcherServlet        : Detected StandardServletMultipartResolver
?[0m?[0;34m2023-10-18 13:47:01.510 DEBUG 11668 --- [io-28852-exec-1] o.s.web.servlet.DispatcherServlet        : Detected AcceptHeaderLocaleResolver
?[0m?[0;34m2023-10-18 13:47:01.511 DEBUG 11668 --- [io-28852-exec-1] o.s.web.servlet.DispatcherServlet        : Detected FixedThemeResolver
?[0m?[0;34m2023-10-18 13:47:01.520 DEBUG 11668 --- [io-28852-exec-1] o.s.web.servlet.DispatcherServlet        : Detected org.springframework.web.servlet.view.DefaultRequestToViewNameTranslator@58182d7
?[0m?[0;34m2023-10-18 13:47:01.521 DEBUG 11668 --- [io-28852-exec-1] o.s.web.servlet.DispatcherServlet        : Detected org.springframework.web.servlet.support.SessionFlashMapManager@51a7ee4e
?[0m?[0;34m2023-10-18 13:47:01.521 DEBUG 11668 --- [io-28852-exec-1] o.s.web.servlet.DispatcherServlet        : enableLoggingRequestDetails='false': request parameters and headers will be masked to prevent unsafe logging of potentially sensitive data
?[0m?[0;34m2023-10-18 13:47:01.521  INFO 11668 --- [io-28852-exec-1] o.s.web.servlet.DispatcherServlet        : Completed initialization in 12 ms
?[0m?[0;34mHibernate: select appuser0_.id as id1_0_, appuser0_.email as email2_0_, appuser0_.lastname as lastname3_0_, appuser0_.name as name4_0_, appuser0_.password as password5_0_ from app_user appuser0_ where appuser0_.email=?
?[0m?[0;34mHibernate: select roles0_.app_user_id as app_user1_1_0_, roles0_.roles as roles2_1_0_ from app_user_roles roles0_ where roles0_.app_user_id=?
?[0m?[0;34m2023-10-18 13:47:03.253 DEBUG 11668 --- [io-28852-exec-1] s.w.s.m.m.a.RequestMappingHandlerMapping : Mapped to account.presentation.DemoController#getEmployeePayments(UserDetails, String)
?[0m?[0;34m2023-10-18 13:47:03.254 DEBUG 11668 --- [io-28852-exec-1] s.w.s.m.m.a.RequestMappingHandlerMapping : Mapped to account.presentation.DemoController#getEmployeePayments(UserDetails, String)
?[0m?[0;34m2023-10-18 13:47:03.254 DEBUG 11668 --- [io-28852-exec-1] o.s.web.servlet.DispatcherServlet        : GET "/api/empl/payment", parameters={}
?[0m?[0;34m2023-10-18 13:47:03.255 DEBUG 11668 --- [io-28852-exec-1] s.w.s.m.m.a.RequestMappingHandlerMapping : Mapped to account.presentation.DemoController#getEmployeePayments(UserDetails, String)
?[0m?[0;34m
?[0m?[0;34m@GetMapping("api/empl/payment")
?[0m?[0;34muserDetails = account.businesslayer.AppUserAdapter@79d39e52
?[0m?[0;34mHibernate: select appuser0_.id as id1_0_, appuser0_.email as email2_0_, appuser0_.lastname as lastname3_0_, appuser0_.name as name4_0_, appuser0_.password as password5_0_ from app_user appuser0_ where appuser0_.email=?
?[0m?[0;34mHibernate: select roles0_.app_user_id as app_user1_1_0_, roles0_.roles as roles2_1_0_ from app_user_roles roles0_ where roles0_.app_user_id=?
?[0m?[0;34mappUser.password = $2a$13$kSokIN1UkkshYHOMsO.JnekE0yueeC.3jJmCIb76.GlTalA4NBHMC, password = $2a$13$g4AIm4lZAg6C3fuux6er5O4sOO9PIb9FQnQRWrONP0SiMz9in9dJC
?[0m?[0;34mpasswordEncoder.matches(password, user.password) = false
?[0m?[0;34mHibernate: select payment0_.id as id1_2_, payment0_.employee as employee2_2_, payment0_.period as period3_2_, payment0_.salary as salary4_2_ from payment payment0_ where upper(payment0_.employee)=upper(?)
?[0m?[0;34memplPayments = []
?[0m?[0;34m2023-10-18 13:47:04.809 DEBUG 11668 --- [io-28852-exec-1] o.s.w.s.m.m.a.HttpEntityMethodProcessor  : Using 'application/json', given [*/*] and supported [application/json, application/*+json, application/json, application/*+json]
?[0m?[0;34m2023-10-18 13:47:04.809 DEBUG 11668 --- [io-28852-exec-1] o.s.w.s.m.m.a.HttpEntityMethodProcessor  : Writing [[]]
?[0m?[0;34m2023-10-18 13:47:04.810 DEBUG 11668 --- [io-28852-exec-1] o.s.web.servlet.DispatcherServlet        : Completed 200 OK
?[1;31m
Start test 34?[0m
?[0;34mHibernate: select appuser0_.id as id1_0_, appuser0_.email as email2_0_, appuser0_.lastname as lastname3_0_, appuser0_.name as name4_0_, appuser0_.password as password5_0_ from app_user appuser0_ where appuser0_.email=?
?[0m?[0;34mHibernate: select roles0_.app_user_id as app_user1_1_0_, roles0_.roles as roles2_1_0_ from app_user_roles roles0_ where roles0_.app_user_id=?
?[0m?[0;34m2023-10-18 13:47:05.589 DEBUG 11668 --- [io-28852-exec-2] o.s.web.servlet.DispatcherServlet        : DELETE "/api/admin/user/", parameters={}
?[0m?[0;34m2023-10-18 13:47:05.591  WARN 11668 --- [io-28852-exec-2] .w.s.m.s.DefaultHandlerExceptionResolver : Resolved [org.springframework.web.HttpRequestMethodNotSupportedException: Request method 'DELETE' not supported]
?[0m?[0;34m2023-10-18 13:47:05.591 DEBUG 11668 --- [io-28852-exec-2] o.s.web.servlet.DispatcherServlet        : Completed 405 METHOD_NOT_ALLOWED
?[0m?[0;34m2023-10-18 13:47:05.593 DEBUG 11668 --- [io-28852-exec-2] o.s.web.servlet.DispatcherServlet        : "ERROR" dispatch for DELETE "/error", parameters={}
?[0m?[0;34m2023-10-18 13:47:05.593 DEBUG 11668 --- [io-28852-exec-2] s.w.s.m.m.a.RequestMappingHandlerMapping : Mapped to org.springframework.boot.autoconfigure.web.servlet.error.BasicErrorController#error(HttpServletRequest)
?[0m?[0;34m2023-10-18 13:47:05.595 DEBUG 11668 --- [io-28852-exec-2] o.s.w.s.m.m.a.HttpEntityMethodProcessor  : Using 'application/json', given [*/*] and supported [application/json, application/*+json, application/json, application/*+json]
?[0m?[0;34m2023-10-18 13:47:05.595 DEBUG 11668 --- [io-28852-exec-2] o.s.w.s.m.m.a.HttpEntityMethodProcessor  : Writing [{timestamp=Wed Oct 18 13:47:05 UZT 2023, status=405, error=Method Not Allowed, message=Request metho (truncated)...]
?[0m?[0;34m2023-10-18 13:47:05.601 DEBUG 11668 --- [io-28852-exec-2] o.s.web.servlet.DispatcherServlet        : Exiting from "ERROR" dispatch, status 405
2023-10-18 13:47:05.626 DEBUG 11668 --- [io-28852-exec-3] o.s.web.servlet.DispatcherServlet        : POST "/actuator/shutdown", parameters={}
2023-10-18 13:47:05.628 DEBUG 11668 --- [io-28852-exec-3] m.m.a.RequestResponseBodyMethodProcessor : Read "application/json;charset=UTF-8" to []
2023-10-18 13:47:05.629 DEBUG 11668 --- [io-28852-exec-3] m.m.a.RequestResponseBodyMethodProcessor : Using 'application/vnd.spring-boot.actuator.v3+json', given [*/*] and supported [application/vnd.spring-boot.actuator.v3+json, application/vnd.spring-boot.actuator.v2+json, application/json]
2023-10-18 13:47:05.629 DEBUG 11668 --- [io-28852-exec-3] m.m.a.RequestResponseBodyMethodProcessor : Writing [{message=Shutting down, bye...}]
2023-10-18 13:47:05.632 DEBUG 11668 --- [io-28852-exec-3] o.s.web.servlet.DispatcherServlet        : Completed 200 OK
]]></system-out>
  <system-err><![CDATA[]]></system-err>
</testsuite>
